Analysis & Synthesis report for SchematicCounter
Wed Apr 01 20:38:05 2015
Quartus II 64-Bit Version 14.0.0 Build 200 06/17/2014 SJ Full Version


---------------------
; Table of Contents ;
---------------------
  1. Legal Notice
  2. Analysis & Synthesis Summary
  3. Analysis & Synthesis Settings
  4. Parallel Compilation
  5. Analysis & Synthesis Source Files Read
  6. Analysis & Synthesis Resource Usage Summary
  7. Analysis & Synthesis Resource Utilization by Entity
  8. General Register Statistics
  9. Post-Synthesis Netlist Statistics for Top Partition
 10. Elapsed Time Per Partition
 11. Analysis & Synthesis Messages



----------------
; Legal Notice ;
----------------
Copyright (C) 1991-2014 Altera Corporation. All rights reserved.
Your use of Altera Corporation's design tools, logic functions 
and other software and tools, and its AMPP partner logic 
functions, and any output files from any of the foregoing 
(including device programming or simulation files), and any 
associated documentation or information are expressly subject 
to the terms and conditions of the Altera Program License 
Subscription Agreement, the Altera Quartus II License Agreement,
the Altera MegaCore Function License Agreement, or other 
applicable license agreement, including, without limitation, 
that your use is for the sole purpose of programming logic 
devices manufactured by Altera and sold by Altera or its 
authorized distributors.  Please refer to the applicable 
agreement for further details.



+-------------------------------------------------------------------------------+
; Analysis & Synthesis Summary                                                  ;
+---------------------------------+---------------------------------------------+
; Analysis & Synthesis Status     ; Successful - Wed Apr 01 20:38:05 2015       ;
; Quartus II 64-Bit Version       ; 14.0.0 Build 200 06/17/2014 SJ Full Version ;
; Revision Name                   ; SchematicCounter                            ;
; Top-level Entity Name           ; DownCounterSchematic                        ;
; Family                          ; Cyclone V                                   ;
; Logic utilization (in ALMs)     ; N/A                                         ;
; Total registers                 ; 4                                           ;
; Total pins                      ; 6                                           ;
; Total virtual pins              ; 0                                           ;
; Total block memory bits         ; 0                                           ;
; Total DSP Blocks                ; 0                                           ;
; Total HSSI RX PCSs              ; 0                                           ;
; Total HSSI PMA RX Deserializers ; 0                                           ;
; Total HSSI TX PCSs              ; 0                                           ;
; Total HSSI PMA TX Serializers   ; 0                                           ;
; Total PLLs                      ; 0                                           ;
; Total DLLs                      ; 0                                           ;
+---------------------------------+---------------------------------------------+


+-----------------------------------------------------------------------------------------------------------------------------+
; Analysis & Synthesis Settings                                                                                               ;
+---------------------------------------------------------------------------------+----------------------+--------------------+
; Option                                                                          ; Setting              ; Default Value      ;
+---------------------------------------------------------------------------------+----------------------+--------------------+
; Device                                                                          ; 5CSEMA5F31C6         ;                    ;
; Top-level entity name                                                           ; DownCounterSchematic ; SchematicCounter   ;
; Family name                                                                     ; Cyclone V            ; Cyclone IV GX      ;
; Use smart compilation                                                           ; Off                  ; Off                ;
; Enable parallel Assembler and TimeQuest Timing Analyzer during compilation      ; On                   ; On                 ;
; Enable compact report table                                                     ; Off                  ; Off                ;
; Restructure Multiplexers                                                        ; Auto                 ; Auto               ;
; MLAB Add Timing Constraints For Mixed-Port Feed-Through Mode Setting Don't Care ; Off                  ; Off                ;
; Create Debugging Nodes for IP Cores                                             ; Off                  ; Off                ;
; Preserve fewer node names                                                       ; On                   ; On                 ;
; Disable OpenCore Plus hardware evaluation                                       ; Off                  ; Off                ;
; Verilog Version                                                                 ; Verilog_2001         ; Verilog_2001       ;
; VHDL Version                                                                    ; VHDL_1993            ; VHDL_1993          ;
; State Machine Processing                                                        ; Auto                 ; Auto               ;
; Safe State Machine                                                              ; Off                  ; Off                ;
; Extract Verilog State Machines                                                  ; On                   ; On                 ;
; Extract VHDL State Machines                                                     ; On                   ; On                 ;
; Ignore Verilog initial constructs                                               ; Off                  ; Off                ;
; Iteration limit for constant Verilog loops                                      ; 5000                 ; 5000               ;
; Iteration limit for non-constant Verilog loops                                  ; 250                  ; 250                ;
; Add Pass-Through Logic to Inferred RAMs                                         ; On                   ; On                 ;
; Infer RAMs from Raw Logic                                                       ; On                   ; On                 ;
; Parallel Synthesis                                                              ; On                   ; On                 ;
; DSP Block Balancing                                                             ; Auto                 ; Auto               ;
; NOT Gate Push-Back                                                              ; On                   ; On                 ;
; Power-Up Don't Care                                                             ; On                   ; On                 ;
; Remove Redundant Logic Cells                                                    ; Off                  ; Off                ;
; Remove Duplicate Registers                                                      ; On                   ; On                 ;
; Ignore CARRY Buffers                                                            ; Off                  ; Off                ;
; Ignore CASCADE Buffers                                                          ; Off                  ; Off                ;
; Ignore GLOBAL Buffers                                                           ; Off                  ; Off                ;
; Ignore ROW GLOBAL Buffers                                                       ; Off                  ; Off                ;
; Ignore LCELL Buffers                                                            ; Off                  ; Off                ;
; Ignore SOFT Buffers                                                             ; On                   ; On                 ;
; Limit AHDL Integers to 32 Bits                                                  ; Off                  ; Off                ;
; Optimization Technique                                                          ; Balanced             ; Balanced           ;
; Carry Chain Length                                                              ; 70                   ; 70                 ;
; Auto Carry Chains                                                               ; On                   ; On                 ;
; Auto Open-Drain Pins                                                            ; On                   ; On                 ;
; Perform WYSIWYG Primitive Resynthesis                                           ; Off                  ; Off                ;
; Auto ROM Replacement                                                            ; On                   ; On                 ;
; Auto RAM Replacement                                                            ; On                   ; On                 ;
; Auto DSP Block Replacement                                                      ; On                   ; On                 ;
; Auto Shift Register Replacement                                                 ; Auto                 ; Auto               ;
; Allow Shift Register Merging across Hierarchies                                 ; Auto                 ; Auto               ;
; Auto Clock Enable Replacement                                                   ; On                   ; On                 ;
; Strict RAM Replacement                                                          ; Off                  ; Off                ;
; Allow Synchronous Control Signals                                               ; On                   ; On                 ;
; Force Use of Synchronous Clear Signals                                          ; Off                  ; Off                ;
; Auto Resource Sharing                                                           ; Off                  ; Off                ;
; Allow Any RAM Size For Recognition                                              ; Off                  ; Off                ;
; Allow Any ROM Size For Recognition                                              ; Off                  ; Off                ;
; Allow Any Shift Register Size For Recognition                                   ; Off                  ; Off                ;
; Use LogicLock Constraints during Resource Balancing                             ; On                   ; On                 ;
; Ignore translate_off and synthesis_off directives                               ; Off                  ; Off                ;
; Timing-Driven Synthesis                                                         ; On                   ; On                 ;
; Report Parameter Settings                                                       ; On                   ; On                 ;
; Report Source Assignments                                                       ; On                   ; On                 ;
; Report Connectivity Checks                                                      ; On                   ; On                 ;
; Ignore Maximum Fan-Out Assignments                                              ; Off                  ; Off                ;
; Synchronization Register Chain Length                                           ; 3                    ; 3                  ;
; PowerPlay Power Optimization                                                    ; Normal compilation   ; Normal compilation ;
; HDL message level                                                               ; Level2               ; Level2             ;
; Suppress Register Optimization Related Messages                                 ; Off                  ; Off                ;
; Number of Removed Registers Reported in Synthesis Report                        ; 5000                 ; 5000               ;
; Number of Swept Nodes Reported in Synthesis Report                              ; 5000                 ; 5000               ;
; Number of Inverted Registers Reported in Synthesis Report                       ; 100                  ; 100                ;
; Clock MUX Protection                                                            ; On                   ; On                 ;
; Auto Gated Clock Conversion                                                     ; Off                  ; Off                ;
; Block Design Naming                                                             ; Auto                 ; Auto               ;
; SDC constraint protection                                                       ; Off                  ; Off                ;
; Synthesis Effort                                                                ; Auto                 ; Auto               ;
; Shift Register Replacement - Allow Asynchronous Clear Signal                    ; On                   ; On                 ;
; Pre-Mapping Resynthesis Optimization                                            ; Off                  ; Off                ;
; Analysis & Synthesis Message Level                                              ; Medium               ; Medium             ;
; Disable Register Merging Across Hierarchies                                     ; Auto                 ; Auto               ;
; Resource Aware Inference For Block RAM                                          ; On                   ; On                 ;
; Synthesis Seed                                                                  ; 1                    ; 1                  ;
; Automatic Parallel Synthesis                                                    ; On                   ; On                 ;
; Partial Reconfiguration Bitstream ID                                            ; Off                  ; Off                ;
+---------------------------------------------------------------------------------+----------------------+--------------------+


+------------------------------------------+
; Parallel Compilation                     ;
+----------------------------+-------------+
; Processors                 ; Number      ;
+----------------------------+-------------+
; Number detected on machine ; 8           ;
; Maximum allowed            ; 4           ;
;                            ;             ;
; Average used               ; 1.00        ;
; Maximum used               ; 1           ;
;                            ;             ;
; Usage by Processor         ; % Time Used ;
;     Processor 1            ; 100.0%      ;
;     Processors 2-8         ;   0.0%      ;
+----------------------------+-------------+


+---------------------------------------------------------------------------------------------------------------------------------------------------------------------------------+
; Analysis & Synthesis Source Files Read                                                                                                                                          ;
+----------------------------------+-----------------+------------------------------------+-----------------------------------------------------------------------------+---------+
; File Name with User-Entered Path ; Used in Netlist ; File Type                          ; File Name with Absolute Path                                                ; Library ;
+----------------------------------+-----------------+------------------------------------+-----------------------------------------------------------------------------+---------+
; DownCounterSchematic.bdf         ; yes             ; User Block Diagram/Schematic File  ; C:/Users/codyohl/Documents/SourceTreePortable/Lab1/DownCounterSchematic.bdf ;         ;
; flipflop.v                       ; yes             ; User Verilog HDL File              ; C:/Users/codyohl/Documents/SourceTreePortable/Lab1/flipflop.v               ;         ;
+----------------------------------+-----------------+------------------------------------+-----------------------------------------------------------------------------+---------+


+-----------------------------------------------------------------+
; Analysis & Synthesis Resource Usage Summary                     ;
+---------------------------------------------+-------------------+
; Resource                                    ; Usage             ;
+---------------------------------------------+-------------------+
; Estimate of Logic utilization (ALMs needed) ; 2                 ;
;                                             ;                   ;
; Combinational ALUT usage for logic          ; 4                 ;
;     -- 7 input functions                    ; 0                 ;
;     -- 6 input functions                    ; 0                 ;
;     -- 5 input functions                    ; 0                 ;
;     -- 4 input functions                    ; 1                 ;
;     -- <=3 input functions                  ; 3                 ;
;                                             ;                   ;
; Dedicated logic registers                   ; 4                 ;
;                                             ;                   ;
; I/O pins                                    ; 6                 ;
; Total DSP Blocks                            ; 0                 ;
; Maximum fan-out node                        ; DFlipFlop:inst3|q ;
; Maximum fan-out                             ; 5                 ;
; Total fan-out                               ; 32                ;
; Average fan-out                             ; 1.60              ;
+---------------------------------------------+-------------------+


+-----------------------------------------------------------------------------------------------------------------------------------------------------------------------------+
; Analysis & Synthesis Resource Utilization by Entity                                                                                                                         ;
+----------------------------+-------------------+--------------+-------------------+------------+------+--------------+---------------------------------------+--------------+
; Compilation Hierarchy Node ; LC Combinationals ; LC Registers ; Block Memory Bits ; DSP Blocks ; Pins ; Virtual Pins ; Full Hierarchy Name                   ; Library Name ;
+----------------------------+-------------------+--------------+-------------------+------------+------+--------------+---------------------------------------+--------------+
; |DownCounterSchematic      ; 4 (3)             ; 4 (0)        ; 0                 ; 0          ; 6    ; 0            ; |DownCounterSchematic                 ; work         ;
;    |DFlipFlop:inst3|       ; 1 (1)             ; 1 (1)        ; 0                 ; 0          ; 0    ; 0            ; |DownCounterSchematic|DFlipFlop:inst3 ; work         ;
;    |DFlipFlop:inst4|       ; 0 (0)             ; 1 (1)        ; 0                 ; 0          ; 0    ; 0            ; |DownCounterSchematic|DFlipFlop:inst4 ; work         ;
;    |DFlipFlop:inst5|       ; 0 (0)             ; 1 (1)        ; 0                 ; 0          ; 0    ; 0            ; |DownCounterSchematic|DFlipFlop:inst5 ; work         ;
;    |DFlipFlop:inst6|       ; 0 (0)             ; 1 (1)        ; 0                 ; 0          ; 0    ; 0            ; |DownCounterSchematic|DFlipFlop:inst6 ; work         ;
+----------------------------+-------------------+--------------+-------------------+------------+------+--------------+---------------------------------------+--------------+
Note: For table entries with two numbers listed, the numbers in parentheses indicate the number of resources of the given type used by the specific entity alone. The numbers listed outside of parentheses indicate the total resources of the given type used by the specific entity and all of its sub-entities in the hierarchy.


+------------------------------------------------------+
; General Register Statistics                          ;
+----------------------------------------------+-------+
; Statistic                                    ; Value ;
+----------------------------------------------+-------+
; Total registers                              ; 4     ;
; Number of registers using Synchronous Clear  ; 0     ;
; Number of registers using Synchronous Load   ; 0     ;
; Number of registers using Asynchronous Clear ; 4     ;
; Number of registers using Asynchronous Load  ; 0     ;
; Number of registers using Clock Enable       ; 0     ;
; Number of registers using Preset             ; 0     ;
+----------------------------------------------+-------+


+-----------------------------------------------------+
; Post-Synthesis Netlist Statistics for Top Partition ;
+-----------------------+-----------------------------+
; Type                  ; Count                       ;
+-----------------------+-----------------------------+
; arriav_ff             ; 4                           ;
;     CLR               ; 4                           ;
; arriav_lcell_comb     ; 4                           ;
;     normal            ; 4                           ;
;         1 data inputs ; 1                           ;
;         2 data inputs ; 1                           ;
;         3 data inputs ; 1                           ;
;         4 data inputs ; 1                           ;
; boundary_port         ; 6                           ;
;                       ;                             ;
; Max LUT depth         ; 1.00                        ;
; Average LUT depth     ; 0.80                        ;
+-----------------------+-----------------------------+


+-------------------------------+
; Elapsed Time Per Partition    ;
+----------------+--------------+
; Partition Name ; Elapsed Time ;
+----------------+--------------+
; Top            ; 00:00:00     ;
+----------------+--------------+


+-------------------------------+
; Analysis & Synthesis Messages ;
+-------------------------------+
Info: *******************************************************************
Info: Running Quartus II 64-Bit Analysis & Synthesis
    Info: Version 14.0.0 Build 200 06/17/2014 SJ Full Version
    Info: Processing started: Wed Apr 01 20:38:03 2015
Info: Command: quartus_map --read_settings_files=on --write_settings_files=off SchematicCounter -c SchematicCounter
Info (11104): Parallel Compilation has detected 8 hyper-threaded processors. However, the extra hyper-threaded processors will not be used by default. Parallel Compilation will use 4 of the 4 physical processors detected instead.
Info (12021): Found 1 design units, including 1 entities, in source file downcounterschematic.bdf
    Info (12023): Found entity 1: DownCounterSchematic
Info (12021): Found 1 design units, including 1 entities, in source file flipflop.v
    Info (12023): Found entity 1: DFlipFlop
Info (12127): Elaborating entity "DownCounterSchematic" for the top level hierarchy
Info (12128): Elaborating entity "DFlipFlop" for hierarchy "DFlipFlop:inst6"
Info (286030): Timing-Driven Synthesis is running
Warning (20013): Ignored assignments for entity "DE1_SoC" -- entity does not exist in design
    Warning (20014): Assignment for entity set_instance_assignment -name PARTITION_HIERARCHY root_partition -to | -entity DE1_SoC -section_id Top was ignored
    Warning (20014): Assignment for entity set_global_assignment -name PARTITION_NETLIST_TYPE SOURCE -entity DE1_SoC -section_id Top was ignored
    Warning (20014): Assignment for entity set_global_assignment -name PARTITION_FITTER_PRESERVATION_LEVEL PLACEMENT_AND_ROUTING -entity DE1_SoC -section_id Top was ignored
    Warning (20014): Assignment for entity set_global_assignment -name PARTITION_PRESERVE_HIGH_SPEED_TILES ON -entity DE1_SoC -section_id Top was ignored
    Warning (20014): Assignment for entity set_global_assignment -name PARTITION_IGNORE_SOURCE_FILE_CHANGES OFF -entity DE1_SoC -section_id Top was ignored
    Warning (20014): Assignment for entity set_global_assignment -name PARTITION_ALWAYS_USE_QXP_NETLIST OFF -entity DE1_SoC -section_id Top was ignored
    Warning (20014): Assignment for entity set_global_assignment -name PARTITION_COLOR 16764057 -entity DE1_SoC -section_id Top was ignored
    Warning (20014): Assignment for entity set_global_assignment -name PARTITION_IMPORT_ASSIGNMENTS ON -entity DE1_SoC -section_id Top was ignored
    Warning (20014): Assignment for entity set_global_assignment -name PARTITION_IMPORT_EXISTING_ASSIGNMENTS REPLACE_CONFLICTING -entity DE1_SoC -section_id Top was ignored
    Warning (20014): Assignment for entity set_global_assignment -name PARTITION_IMPORT_EXISTING_LOGICLOCK_REGIONS UPDATE_CONFLICTING -entity DE1_SoC -section_id Top was ignored
    Warning (20014): Assignment for entity set_global_assignment -name PARTITION_IMPORT_PIN_ASSIGNMENTS ON -entity DE1_SoC -section_id Top was ignored
    Warning (20014): Assignment for entity set_global_assignment -name PARTITION_IMPORT_PROMOTE_ASSIGNMENTS ON -entity DE1_SoC -section_id Top was ignored
    Warning (20014): Assignment for entity set_global_assignment -name PARTITION_TYPE STANDARD_PARTITION -entity DE1_SoC -section_id Top was ignored
    Warning (20014): Assignment for entity set_global_assignment -name ALLOW_MULTIPLE_PERSONAS OFF -entity DE1_SoC -section_id Top was ignored
    Warning (20014): Assignment for entity set_global_assignment -name PARTITION_ASD_REGION_ID 1 -entity DE1_SoC -section_id Top was ignored
    Warning (20014): Assignment for entity set_global_assignment -name CROSS_BOUNDARY_OPTIMIZATIONS OFF -entity DE1_SoC -section_id Top was ignored
    Warning (20014): Assignment for entity set_global_assignment -name PROPAGATE_CONSTANTS_ON_INPUTS ON -entity DE1_SoC -section_id Top was ignored
    Warning (20014): Assignment for entity set_global_assignment -name PROPAGATE_INVERSIONS_ON_INPUTS ON -entity DE1_SoC -section_id Top was ignored
    Warning (20014): Assignment for entity set_global_assignment -name REMOVE_LOGIC_ON_UNCONNECTED_OUTPUTS ON -entity DE1_SoC -section_id Top was ignored
    Warning (20014): Assignment for entity set_global_assignment -name MERGE_EQUIVALENT_INPUTS ON -entity DE1_SoC -section_id Top was ignored
    Warning (20014): Assignment for entity set_global_assignment -name MERGE_EQUIVALENT_BIDIRS ON -entity DE1_SoC -section_id Top was ignored
    Warning (20014): Assignment for entity set_global_assignment -name ABSORB_PATHS_FROM_OUTPUTS_TO_INPUTS ON -entity DE1_SoC -section_id Top was ignored
    Warning (20014): Assignment for entity set_global_assignment -name PARTITION_EXTRACT_HARD_BLOCK_NODES ON -entity DE1_SoC -section_id Top was ignored
    Warning (20014): Assignment for entity set_global_assignment -name PARTITION_ENABLE_STRICT_PRESERVATION OFF -entity DE1_SoC -section_id Top was ignored
Info (16010): Generating hard_block partition "hard_block:auto_generated_inst"
    Info (16011): Adding 0 node(s), including 0 DDIO, 0 PLL, 0 transceiver and 0 LCELL
Info (21057): Implemented 10 device resources after synthesis - the final resource count might be different
    Info (21058): Implemented 2 input pins
    Info (21059): Implemented 4 output pins
    Info (21061): Implemented 4 logic cells
Info: Quartus II 64-Bit Analysis & Synthesis was successful. 0 errors, 25 warnings
    Info: Peak virtual memory: 627 megabytes
    Info: Processing ended: Wed Apr 01 20:38:05 2015
    Info: Elapsed time: 00:00:02
    Info: Total CPU time (on all processors): 00:00:01


