Flow report for SchematicCounter
Wed Apr 01 20:38:56 2015
Quartus II 64-Bit Version 14.0.0 Build 200 06/17/2014 SJ Full Version


---------------------
; Table of Contents ;
---------------------
  1. Legal Notice
  2. Flow Summary
  3. Flow Settings
  4. Flow Non-Default Global Settings
  5. Flow Elapsed Time
  6. Flow OS Summary
  7. Flow Log
  8. Flow Messages
  9. Flow Suppressed Messages



----------------
; Legal Notice ;
----------------
Copyright (C) 1991-2014 Altera Corporation. All rights reserved.
Your use of Altera Corporation's design tools, logic functions 
and other software and tools, and its AMPP partner logic 
functions, and any output files from any of the foregoing 
(including device programming or simulation files), and any 
associated documentation or information are expressly subject 
to the terms and conditions of the Altera Program License 
Subscription Agreement, the Altera Quartus II License Agreement,
the Altera MegaCore Function License Agreement, or other 
applicable license agreement, including, without limitation, 
that your use is for the sole purpose of programming logic 
devices manufactured by Altera and sold by Altera or its 
authorized distributors.  Please refer to the applicable 
agreement for further details.



+-------------------------------------------------------------------------------+
; Flow Summary                                                                  ;
+---------------------------------+---------------------------------------------+
; Flow Status                     ; Successful - Wed Apr 01 20:38:56 2015       ;
; Quartus II 64-Bit Version       ; 14.0.0 Build 200 06/17/2014 SJ Full Version ;
; Revision Name                   ; SchematicCounter                            ;
; Top-level Entity Name           ; DownCounterSchematic                        ;
; Family                          ; Cyclone V                                   ;
; Device                          ; 5CSEMA5F31C6                                ;
; Timing Models                   ; Final                                       ;
; Logic utilization (in ALMs)     ; 3 / 32,070 ( < 1 % )                        ;
; Total registers                 ; 6                                           ;
; Total pins                      ; 6 / 457 ( 1 % )                             ;
; Total virtual pins              ; 0                                           ;
; Total block memory bits         ; 0 / 4,065,280 ( 0 % )                       ;
; Total DSP Blocks                ; 0 / 87 ( 0 % )                              ;
; Total HSSI RX PCSs              ; 0                                           ;
; Total HSSI PMA RX Deserializers ; 0                                           ;
; Total HSSI TX PCSs              ; 0                                           ;
; Total HSSI PMA TX Serializers   ; 0                                           ;
; Total PLLs                      ; 0 / 6 ( 0 % )                               ;
; Total DLLs                      ; 0 / 4 ( 0 % )                               ;
+---------------------------------+---------------------------------------------+


+-----------------------------------------+
; Flow Settings                           ;
+-------------------+---------------------+
; Option            ; Setting             ;
+-------------------+---------------------+
; Start date & time ; 04/01/2015 20:38:04 ;
; Main task         ; Compilation         ;
; Revision Name     ; SchematicCounter    ;
+-------------------+---------------------+


+------------------------------------------------------------------------------------------------------------------------------+
; Flow Non-Default Global Settings                                                                                             ;
+-------------------------------------+-----------------------------+------------------+----------------------+----------------+
; Assignment Name                     ; Value                       ; Default Value    ; Entity Name          ; Section Id     ;
+-------------------------------------+-----------------------------+------------------+----------------------+----------------+
; COMPILER_SIGNATURE_ID               ; 91758288366.142794588405276 ; --               ; --                   ; --             ;
; EDA_OUTPUT_DATA_FORMAT              ; Vhdl                        ; --               ; --                   ; eda_simulation ;
; EDA_SIMULATION_TOOL                 ; ModelSim-Altera (VHDL)      ; <None>           ; --                   ; --             ;
; MAX_CORE_JUNCTION_TEMP              ; 85                          ; --               ; --                   ; --             ;
; MIN_CORE_JUNCTION_TEMP              ; 0                           ; --               ; --                   ; --             ;
; PARTITION_COLOR                     ; 16764057                    ; --               ; DE1_SoC              ; Top            ;
; PARTITION_COLOR                     ; 16764057                    ; --               ; DownCounterSchematic ; Top            ;
; PARTITION_FITTER_PRESERVATION_LEVEL ; PLACEMENT_AND_ROUTING       ; --               ; DE1_SoC              ; Top            ;
; PARTITION_FITTER_PRESERVATION_LEVEL ; PLACEMENT_AND_ROUTING       ; --               ; DownCounterSchematic ; Top            ;
; PARTITION_NETLIST_TYPE              ; SOURCE                      ; --               ; DE1_SoC              ; Top            ;
; PARTITION_NETLIST_TYPE              ; SOURCE                      ; --               ; DownCounterSchematic ; Top            ;
; PROJECT_OUTPUT_DIRECTORY            ; output_files                ; --               ; --                   ; --             ;
; TOP_LEVEL_ENTITY                    ; DownCounterSchematic        ; SchematicCounter ; --                   ; --             ;
+-------------------------------------+-----------------------------+------------------+----------------------+----------------+


+-------------------------------------------------------------------------------------------------------------------------------+
; Flow Elapsed Time                                                                                                             ;
+---------------------------+--------------+-------------------------+---------------------+------------------------------------+
; Module Name               ; Elapsed Time ; Average Processors Used ; Peak Virtual Memory ; Total CPU Time (on all processors) ;
+---------------------------+--------------+-------------------------+---------------------+------------------------------------+
; Analysis & Synthesis      ; 00:00:02     ; 1.0                     ; 627 MB              ; 00:00:01                           ;
; Fitter                    ; 00:00:27     ; 2.0                     ; 2047 MB             ; 00:00:44                           ;
; Assembler                 ; 00:00:10     ; 1.0                     ; 661 MB              ; 00:00:10                           ;
; TimeQuest Timing Analyzer ; 00:00:06     ; 1.0                     ; 903 MB              ; 00:00:05                           ;
; EDA Netlist Writer        ; 00:00:01     ; 1.0                     ; 521 MB              ; 00:00:01                           ;
; Total                     ; 00:00:46     ; --                      ; --                  ; 00:01:01                           ;
+---------------------------+--------------+-------------------------+---------------------+------------------------------------+


+----------------------------------------------------------------------------------------+
; Flow OS Summary                                                                        ;
+---------------------------+------------------+-----------+------------+----------------+
; Module Name               ; Machine Hostname ; OS Name   ; OS Version ; Processor type ;
+---------------------------+------------------+-----------+------------+----------------+
; Analysis & Synthesis      ; EE-137PC03       ; Windows 7 ; 6.2        ; x86_64         ;
; Fitter                    ; EE-137PC03       ; Windows 7 ; 6.2        ; x86_64         ;
; Assembler                 ; EE-137PC03       ; Windows 7 ; 6.2        ; x86_64         ;
; TimeQuest Timing Analyzer ; EE-137PC03       ; Windows 7 ; 6.2        ; x86_64         ;
; EDA Netlist Writer        ; EE-137PC03       ; Windows 7 ; 6.2        ; x86_64         ;
+---------------------------+------------------+-----------+------------+----------------+


------------
; Flow Log ;
------------
quartus_map --read_settings_files=on --write_settings_files=off SchematicCounter -c SchematicCounter
quartus_fit --read_settings_files=off --write_settings_files=off SchematicCounter -c SchematicCounter
quartus_asm --read_settings_files=off --write_settings_files=off SchematicCounter -c SchematicCounter
quartus_sta SchematicCounter -c SchematicCounter
quartus_eda --read_settings_files=off --write_settings_files=off SchematicCounter -c SchematicCounter



