#! /c/iverilog/bin/vvp
:ivl_version "0.9.7 " "(v0_9_7)";
:vpi_time_precision + 0;
:vpi_module "system";
:vpi_module "v2005_math";
:vpi_module "va_math";
S_0085DA70 .scope module, "UserInputTop" "UserInputTop" 2 17;
 .timescale 0 0;
v00859360_0 .net "count", 3 0, v00580BE0_0; 1 drivers
v008593B8_0 .net "hex", 6 0, v00580778_0; 1 drivers
S_005806F0 .scope module, "myCountUp" "CountUp" 2 23, 3 13, S_0085DA70;
 .timescale 0 0;
P_0085BBFC .param/l "c0" 3 19, C4<0000>;
P_0085BC10 .param/l "c1" 3 20, C4<0001>;
P_0085BC24 .param/l "c2" 3 21, C4<0010>;
P_0085BC38 .param/l "c3" 3 22, C4<0011>;
P_0085BC4C .param/l "c4" 3 23, C4<0100>;
P_0085BC60 .param/l "c5" 3 24, C4<0101>;
P_0085BC74 .param/l "c6" 3 25, C4<0110>;
P_0085BC88 .param/l "c7" 3 26, C4<0111>;
P_0085BC9C .param/l "c8" 3 27, C4<1000>;
P_0085BCB0 .param/l "eight" 3 38, C4<0000000>;
P_0085BCC4 .param/l "five" 3 35, C4<0010010>;
P_0085BCD8 .param/l "four" 3 34, C4<0011001>;
P_0085BCEC .param/l "nothing" 3 29, C4<1111111>;
P_0085BD00 .param/l "one" 3 31, C4<1001111>;
P_0085BD14 .param/l "seven" 3 37, C4<1111000>;
P_0085BD28 .param/l "six" 3 36, C4<0000010>;
P_0085BD3C .param/l "three" 3 33, C4<0110000>;
P_0085BD50 .param/l "two" 3 32, C4<0100100>;
P_0085BD64 .param/l "zero" 3 30, C4<1000000>;
v0085BD80_0 .alias "count", 3 0, v00859360_0;
v00580778_0 .var "current", 6 0;
v00859308_0 .alias "hex", 6 0, v008593B8_0;
E_0085AEF0 .event edge, v00580BE0_0;
S_00580E68 .scope module, "myCountUpTester" "CountUpTester" 2 26, 4 14, S_0085DA70;
 .timescale 0 0;
P_0085AED4 .param/l "stimDelay" 4 18, +C4<010100>;
v00580BE0_0 .var "count", 3 0;
v00580698_0 .alias "hex", 6 0, v008593B8_0;
    .scope S_005806F0;
T_0 ;
    %set/v v00580778_0, 1, 7;
    %end;
    .thread T_0;
    .scope S_005806F0;
T_1 ;
    %wait E_0085AEF0;
    %load/v 8, v0085BD80_0, 4;
    %cmpi/u 8, 0, 4;
    %jmp/1 T_1.0, 6;
    %cmpi/u 8, 1, 4;
    %jmp/1 T_1.1, 6;
    %cmpi/u 8, 2, 4;
    %jmp/1 T_1.2, 6;
    %cmpi/u 8, 3, 4;
    %jmp/1 T_1.3, 6;
    %cmpi/u 8, 4, 4;
    %jmp/1 T_1.4, 6;
    %cmpi/u 8, 5, 4;
    %jmp/1 T_1.5, 6;
    %cmpi/u 8, 6, 4;
    %jmp/1 T_1.6, 6;
    %cmpi/u 8, 7, 4;
    %jmp/1 T_1.7, 6;
    %cmpi/u 8, 8, 4;
    %jmp/1 T_1.8, 6;
    %set/v v00580778_0, 1, 7;
    %jmp T_1.10;
T_1.0 ;
    %set/v v00580778_0, 1, 7;
    %jmp T_1.10;
T_1.1 ;
    %movi 8, 79, 7;
    %set/v v00580778_0, 8, 7;
    %jmp T_1.10;
T_1.2 ;
    %movi 8, 36, 7;
    %set/v v00580778_0, 8, 7;
    %jmp T_1.10;
T_1.3 ;
    %movi 8, 48, 7;
    %set/v v00580778_0, 8, 7;
    %jmp T_1.10;
T_1.4 ;
    %movi 8, 25, 7;
    %set/v v00580778_0, 8, 7;
    %jmp T_1.10;
T_1.5 ;
    %movi 8, 18, 7;
    %set/v v00580778_0, 8, 7;
    %jmp T_1.10;
T_1.6 ;
    %movi 8, 2, 7;
    %set/v v00580778_0, 8, 7;
    %jmp T_1.10;
T_1.7 ;
    %movi 8, 120, 7;
    %set/v v00580778_0, 8, 7;
    %jmp T_1.10;
T_1.8 ;
    %set/v v00580778_0, 0, 7;
    %jmp T_1.10;
T_1.10 ;
    %jmp T_1;
    .thread T_1, $push;
    .scope S_00580E68;
T_2 ;
    %vpi_call 4 22 "$display", "\011\011 count \011 hex ";
    %vpi_call 4 23 "$monitor", "\011\011 %b \011 %b", v00580BE0_0, v00580698_0;
    %end;
    .thread T_2;
    .scope S_00580E68;
T_3 ;
    %delay 20, 0;
    %set/v v00580BE0_0, 0, 4;
    %delay 20, 0;
    %movi 8, 1, 4;
    %set/v v00580BE0_0, 8, 4;
    %delay 20, 0;
    %movi 8, 2, 4;
    %set/v v00580BE0_0, 8, 4;
    %delay 20, 0;
    %movi 8, 3, 4;
    %set/v v00580BE0_0, 8, 4;
    %delay 20, 0;
    %movi 8, 4, 4;
    %set/v v00580BE0_0, 8, 4;
    %delay 20, 0;
    %movi 8, 5, 4;
    %set/v v00580BE0_0, 8, 4;
    %delay 20, 0;
    %movi 8, 6, 4;
    %set/v v00580BE0_0, 8, 4;
    %delay 20, 0;
    %movi 8, 7, 4;
    %set/v v00580BE0_0, 8, 4;
    %delay 20, 0;
    %movi 8, 8, 4;
    %set/v v00580BE0_0, 8, 4;
    %delay 20, 0;
    %movi 8, 9, 4;
    %set/v v00580BE0_0, 8, 4;
    %delay 20, 0;
    %movi 8, 10, 4;
    %set/v v00580BE0_0, 8, 4;
    %delay 20, 0;
    %movi 8, 11, 4;
    %set/v v00580BE0_0, 8, 4;
    %delay 20, 0;
    %movi 8, 12, 4;
    %set/v v00580BE0_0, 8, 4;
    %delay 20, 0;
    %movi 8, 13, 4;
    %set/v v00580BE0_0, 8, 4;
    %delay 20, 0;
    %movi 8, 14, 4;
    %set/v v00580BE0_0, 8, 4;
    %delay 20, 0;
    %set/v v00580BE0_0, 1, 4;
    %delay 20, 0;
    %set/v v00580BE0_0, 0, 4;
    %delay 80, 0;
    %vpi_call 4 48 "$finish";
    %end;
    .thread T_3;
    .scope S_0085DA70;
T_4 ;
    %vpi_call 2 31 "$dumpfile", "CountUp.vcd";
    %vpi_call 2 32 "$dumpvars", 2'sb01, S_005806F0;
    %end;
    .thread T_4;
# The file index is used to find the file name in the following table.
:file_names 5;
    "N/A";
    "<interactive>";
    "countupTop.v";
    "./countup.v";
    "./countupTester.v";
