Assembler report for lights
<<<<<<< HEAD
Sun May 31 22:06:27 2015
=======
Sun May 31 19:17:09 2015
>>>>>>> 99bbcb0f38b86196c1f7f03ea8489c1ba0363acf
Quartus II 64-Bit Version 14.0.0 Build 200 06/17/2014 SJ Full Version


---------------------
; Table of Contents ;
---------------------
  1. Legal Notice
  2. Assembler Summary
  3. Assembler Settings
  4. Assembler Generated Files
  5. Assembler Device Options: C:/Users/klholden/Documents/nightmares/ll11ll1lll1l1l_lab5/output_files/lights.sof
  6. Assembler Messages



----------------
; Legal Notice ;
----------------
Copyright (C) 1991-2014 Altera Corporation. All rights reserved.
Your use of Altera Corporation's design tools, logic functions 
and other software and tools, and its AMPP partner logic 
functions, and any output files from any of the foregoing 
(including device programming or simulation files), and any 
associated documentation or information are expressly subject 
to the terms and conditions of the Altera Program License 
Subscription Agreement, the Altera Quartus II License Agreement,
the Altera MegaCore Function License Agreement, or other 
applicable license agreement, including, without limitation, 
that your use is for the sole purpose of programming logic 
devices manufactured by Altera and sold by Altera or its 
authorized distributors.  Please refer to the applicable 
agreement for further details.



+---------------------------------------------------------------+
; Assembler Summary                                             ;
+-----------------------+---------------------------------------+
<<<<<<< HEAD
; Assembler Status      ; Successful - Sun May 31 22:06:27 2015 ;
=======
; Assembler Status      ; Successful - Sun May 31 19:17:09 2015 ;
>>>>>>> 99bbcb0f38b86196c1f7f03ea8489c1ba0363acf
; Revision Name         ; lights                                ;
; Top-level Entity Name ; readOutBuffer                         ;
; Family                ; Cyclone V                             ;
; Device                ; 5CSEMA5F31C6                          ;
+-----------------------+---------------------------------------+


+----------------------------------+
; Assembler Settings               ;
+--------+---------+---------------+
; Option ; Setting ; Default Value ;
+--------+---------+---------------+


+------------------------------------------------------------------------------------+
; Assembler Generated Files                                                          ;
+------------------------------------------------------------------------------------+
; File Name                                                                          ;
+------------------------------------------------------------------------------------+
; C:/Users/klholden/Documents/nightmares/ll11ll1lll1l1l_lab5/output_files/lights.sof ;
+------------------------------------------------------------------------------------+


<<<<<<< HEAD
+---------------------------------------------------------------------------------+
; Assembler Generated Files                                                       ;
+---------------------------------------------------------------------------------+
; File Name                                                                       ;
+---------------------------------------------------------------------------------+
; C:/Users/zachn/Documents/nightmares/ll11ll1lll1l1l_lab5/output_files/lights.sof ;
+---------------------------------------------------------------------------------+


+-----------------------------------------------------------------------------------------------------------+
; Assembler Device Options: C:/Users/zachn/Documents/nightmares/ll11ll1lll1l1l_lab5/output_files/lights.sof ;
+----------------+------------------------------------------------------------------------------------------+
; Option         ; Setting                                                                                  ;
+----------------+------------------------------------------------------------------------------------------+
; Device         ; 5CSEMA5F31C6                                                                             ;
; JTAG usercode  ; 0x069744C9                                                                               ;
; Checksum       ; 0x069744C9                                                                               ;
+----------------+------------------------------------------------------------------------------------------+
=======
+--------------------------------------------------------------------------------------------------------------+
; Assembler Device Options: C:/Users/klholden/Documents/nightmares/ll11ll1lll1l1l_lab5/output_files/lights.sof ;
+----------------+---------------------------------------------------------------------------------------------+
; Option         ; Setting                                                                                     ;
+----------------+---------------------------------------------------------------------------------------------+
; Device         ; 5CSEMA5F31C6                                                                                ;
; JTAG usercode  ; 0x00AF8D1E                                                                                  ;
; Checksum       ; 0x00AF8D1E                                                                                  ;
+----------------+---------------------------------------------------------------------------------------------+
>>>>>>> 99bbcb0f38b86196c1f7f03ea8489c1ba0363acf


+--------------------+
; Assembler Messages ;
+--------------------+
Info: *******************************************************************
Info: Running Quartus II 64-Bit Assembler
    Info: Version 14.0.0 Build 200 06/17/2014 SJ Full Version
<<<<<<< HEAD
    Info: Processing started: Sun May 31 22:06:11 2015
Info: Command: quartus_asm --read_settings_files=off --write_settings_files=off lights -c lights
Info (115030): Assembler is generating device programming files
Info: Quartus II 64-Bit Assembler was successful. 0 errors, 0 warnings
    Info: Peak virtual memory: 734 megabytes
    Info: Processing ended: Sun May 31 22:06:27 2015
    Info: Elapsed time: 00:00:16
    Info: Total CPU time (on all processors): 00:00:16
=======
    Info: Processing started: Sun May 31 19:16:59 2015
Info: Command: quartus_asm --read_settings_files=off --write_settings_files=off lights -c lights
Info (115030): Assembler is generating device programming files
Info: Quartus II 64-Bit Assembler was successful. 0 errors, 0 warnings
    Info: Peak virtual memory: 666 megabytes
    Info: Processing ended: Sun May 31 19:17:09 2015
    Info: Elapsed time: 00:00:10
    Info: Total CPU time (on all processors): 00:00:10
>>>>>>> 99bbcb0f38b86196c1f7f03ea8489c1ba0363acf


