EDA Netlist Writer report for lights
<<<<<<< HEAD
Sun May 31 22:07:29 2015
=======
Sun May 31 19:17:20 2015
>>>>>>> 99bbcb0f38b86196c1f7f03ea8489c1ba0363acf
Quartus II 64-Bit Version 14.0.0 Build 200 06/17/2014 SJ Full Version


---------------------
; Table of Contents ;
---------------------
  1. Legal Notice
  2. EDA Netlist Writer Summary
  3. Simulation Settings
  4. Simulation Generated Files
  5. EDA Netlist Writer Messages



----------------
; Legal Notice ;
----------------
Copyright (C) 1991-2014 Altera Corporation. All rights reserved.
Your use of Altera Corporation's design tools, logic functions 
and other software and tools, and its AMPP partner logic 
functions, and any output files from any of the foregoing 
(including device programming or simulation files), and any 
associated documentation or information are expressly subject 
to the terms and conditions of the Altera Program License 
Subscription Agreement, the Altera Quartus II License Agreement,
the Altera MegaCore Function License Agreement, or other 
applicable license agreement, including, without limitation, 
that your use is for the sole purpose of programming logic 
devices manufactured by Altera and sold by Altera or its 
authorized distributors.  Please refer to the applicable 
agreement for further details.



+-------------------------------------------------------------------+
; EDA Netlist Writer Summary                                        ;
+---------------------------+---------------------------------------+
<<<<<<< HEAD
; EDA Netlist Writer Status ; Successful - Sun May 31 22:07:29 2015 ;
=======
; EDA Netlist Writer Status ; Successful - Sun May 31 19:17:20 2015 ;
>>>>>>> 99bbcb0f38b86196c1f7f03ea8489c1ba0363acf
; Revision Name             ; lights                                ;
; Top-level Entity Name     ; readOutBuffer                         ;
; Family                    ; Cyclone V                             ;
; Simulation Files Creation ; Successful                            ;
+---------------------------+---------------------------------------+


+----------------------------------------------------------------------------------------------------------------------------+
; Simulation Settings                                                                                                        ;
+---------------------------------------------------------------------------------------------------+------------------------+
; Option                                                                                            ; Setting                ;
+---------------------------------------------------------------------------------------------------+------------------------+
; Tool Name                                                                                         ; ModelSim-Altera (VHDL) ;
; Generate netlist for functional simulation only                                                   ; Off                    ;
; Time scale                                                                                        ; 1 ps                   ;
; Truncate long hierarchy paths                                                                     ; Off                    ;
; Map illegal HDL characters                                                                        ; Off                    ;
; Flatten buses into individual nodes                                                               ; Off                    ;
; Maintain hierarchy                                                                                ; Off                    ;
; Bring out device-wide set/reset signals as ports                                                  ; Off                    ;
; Enable glitch filtering                                                                           ; Off                    ;
; Do not write top level VHDL entity                                                                ; Off                    ;
; Disable detection of setup and hold time violations in the input registers of bi-directional pins ; Off                    ;
; Architecture name in VHDL output netlist                                                          ; structure              ;
; Generate third-party EDA tool command script for RTL functional simulation                        ; Off                    ;
; Generate third-party EDA tool command script for gate-level simulation                            ; Off                    ;
+---------------------------------------------------------------------------------------------------+------------------------+


+-------------------------------------------------------------------------------------------+
; Simulation Generated Files                                                                ;
+-------------------------------------------------------------------------------------------+
; Generated Files                                                                           ;
+-------------------------------------------------------------------------------------------+
; C:/Users/klholden/Documents/nightmares/ll11ll1lll1l1l_lab5/simulation/modelsim/lights.vho ;
+-------------------------------------------------------------------------------------------+


+-----------------------------+
; EDA Netlist Writer Messages ;
+-----------------------------+
Info: *******************************************************************
Info: Running Quartus II 64-Bit EDA Netlist Writer
    Info: Version 14.0.0 Build 200 06/17/2014 SJ Full Version
<<<<<<< HEAD
    Info: Processing started: Sun May 31 22:07:26 2015
=======
    Info: Processing started: Sun May 31 19:17:19 2015
>>>>>>> 99bbcb0f38b86196c1f7f03ea8489c1ba0363acf
Info: Command: quartus_eda --read_settings_files=off --write_settings_files=off lights -c lights
Warning (10905): Generated the EDA functional simulation files although EDA timing simulation option is chosen.
Info (204019): Generated file lights.vho in folder "C:/Users/klholden/Documents/nightmares/ll11ll1lll1l1l_lab5/simulation/modelsim/" for EDA simulation tool
Info: Quartus II 64-Bit EDA Netlist Writer was successful. 0 errors, 1 warning
<<<<<<< HEAD
    Info: Peak virtual memory: 658 megabytes
    Info: Processing ended: Sun May 31 22:07:30 2015
    Info: Elapsed time: 00:00:04
    Info: Total CPU time (on all processors): 00:00:03
=======
    Info: Peak virtual memory: 530 megabytes
    Info: Processing ended: Sun May 31 19:17:20 2015
    Info: Elapsed time: 00:00:01
    Info: Total CPU time (on all processors): 00:00:01
>>>>>>> 99bbcb0f38b86196c1f7f03ea8489c1ba0363acf


