Analysis & Synthesis report for DownCounterSchematic
Thu Apr 02 19:11:10 2015
Quartus II 64-Bit Version 14.0.0 Build 200 06/17/2014 SJ Full Version


---------------------
; Table of Contents ;
---------------------
  1. Legal Notice
  2. Analysis & Synthesis Summary
  3. Analysis & Synthesis Settings
  4. Parallel Compilation
  5. Analysis & Synthesis Source Files Read
  6. Analysis & Synthesis Resource Usage Summary
  7. Analysis & Synthesis Resource Utilization by Entity
  8. General Register Statistics
  9. Source assignments for sld_signaltap:auto_signaltap_0
 10. Source assignments for sld_signaltap:auto_signaltap_1
 11. Parameter Settings for User Entity Instance: ClockDivider:inst2
 12. Parameter Settings for Inferred Entity Instance: sld_signaltap:auto_signaltap_0
 13. Parameter Settings for Inferred Entity Instance: sld_signaltap:auto_signaltap_1
 14. SignalTap II Logic Analyzer Settings
 15. Post-Synthesis Netlist Statistics for Top Partition
 16. Elapsed Time Per Partition
 17. Analysis & Synthesis Messages



----------------
; Legal Notice ;
----------------
Copyright (C) 1991-2014 Altera Corporation. All rights reserved.
Your use of Altera Corporation's design tools, logic functions 
and other software and tools, and its AMPP partner logic 
functions, and any output files from any of the foregoing 
(including device programming or simulation files), and any 
associated documentation or information are expressly subject 
to the terms and conditions of the Altera Program License 
Subscription Agreement, the Altera Quartus II License Agreement,
the Altera MegaCore Function License Agreement, or other 
applicable license agreement, including, without limitation, 
that your use is for the sole purpose of programming logic 
devices manufactured by Altera and sold by Altera or its 
authorized distributors.  Please refer to the applicable 
agreement for further details.



+-------------------------------------------------------------------------------+
; Analysis & Synthesis Summary                                                  ;
+---------------------------------+---------------------------------------------+
; Analysis & Synthesis Status     ; Successful - Thu Apr 02 19:11:10 2015       ;
; Quartus II 64-Bit Version       ; 14.0.0 Build 200 06/17/2014 SJ Full Version ;
; Revision Name                   ; DownCounterSchematic                        ;
; Top-level Entity Name           ; DownCounterSchematic                        ;
; Family                          ; Cyclone V                                   ;
; Logic utilization (in ALMs)     ; N/A until Partition Merge                   ;
; Total registers                 ; N/A until Partition Merge                   ;
; Total pins                      ; N/A until Partition Merge                   ;
; Total virtual pins              ; N/A until Partition Merge                   ;
; Total block memory bits         ; N/A until Partition Merge                   ;
; Total DSP Blocks                ; N/A until Partition Merge                   ;
; Total HSSI RX PCSs              ; N/A until Partition Merge                   ;
; Total HSSI PMA RX Deserializers ; N/A until Partition Merge                   ;
; Total HSSI TX PCSs              ; N/A until Partition Merge                   ;
; Total HSSI PMA TX Serializers   ; N/A until Partition Merge                   ;
; Total PLLs                      ; N/A until Partition Merge                   ;
; Total DLLs                      ; N/A until Partition Merge                   ;
+---------------------------------+---------------------------------------------+


+-------------------------------------------------------------------------------------------------------------------------------+
; Analysis & Synthesis Settings                                                                                                 ;
+---------------------------------------------------------------------------------+----------------------+----------------------+
; Option                                                                          ; Setting              ; Default Value        ;
+---------------------------------------------------------------------------------+----------------------+----------------------+
; Device                                                                          ; 5CSEMA5F31C6         ;                      ;
; Top-level entity name                                                           ; DownCounterSchematic ; DownCounterSchematic ;
; Family name                                                                     ; Cyclone V            ; Cyclone IV GX        ;
; Use smart compilation                                                           ; Off                  ; Off                  ;
; Enable parallel Assembler and TimeQuest Timing Analyzer during compilation      ; On                   ; On                   ;
; Enable compact report table                                                     ; Off                  ; Off                  ;
; Restructure Multiplexers                                                        ; Auto                 ; Auto                 ;
; MLAB Add Timing Constraints For Mixed-Port Feed-Through Mode Setting Don't Care ; Off                  ; Off                  ;
; Create Debugging Nodes for IP Cores                                             ; Off                  ; Off                  ;
; Preserve fewer node names                                                       ; On                   ; On                   ;
; Disable OpenCore Plus hardware evaluation                                       ; Off                  ; Off                  ;
; Verilog Version                                                                 ; Verilog_2001         ; Verilog_2001         ;
; VHDL Version                                                                    ; VHDL_1993            ; VHDL_1993            ;
; State Machine Processing                                                        ; Auto                 ; Auto                 ;
; Safe State Machine                                                              ; Off                  ; Off                  ;
; Extract Verilog State Machines                                                  ; On                   ; On                   ;
; Extract VHDL State Machines                                                     ; On                   ; On                   ;
; Ignore Verilog initial constructs                                               ; Off                  ; Off                  ;
; Iteration limit for constant Verilog loops                                      ; 5000                 ; 5000                 ;
; Iteration limit for non-constant Verilog loops                                  ; 250                  ; 250                  ;
; Add Pass-Through Logic to Inferred RAMs                                         ; On                   ; On                   ;
; Infer RAMs from Raw Logic                                                       ; On                   ; On                   ;
; Parallel Synthesis                                                              ; On                   ; On                   ;
; DSP Block Balancing                                                             ; Auto                 ; Auto                 ;
; NOT Gate Push-Back                                                              ; On                   ; On                   ;
; Power-Up Don't Care                                                             ; On                   ; On                   ;
; Remove Redundant Logic Cells                                                    ; Off                  ; Off                  ;
; Remove Duplicate Registers                                                      ; On                   ; On                   ;
; Ignore CARRY Buffers                                                            ; Off                  ; Off                  ;
; Ignore CASCADE Buffers                                                          ; Off                  ; Off                  ;
; Ignore GLOBAL Buffers                                                           ; Off                  ; Off                  ;
; Ignore ROW GLOBAL Buffers                                                       ; Off                  ; Off                  ;
; Ignore LCELL Buffers                                                            ; Off                  ; Off                  ;
; Ignore SOFT Buffers                                                             ; On                   ; On                   ;
; Limit AHDL Integers to 32 Bits                                                  ; Off                  ; Off                  ;
; Optimization Technique                                                          ; Balanced             ; Balanced             ;
; Carry Chain Length                                                              ; 70                   ; 70                   ;
; Auto Carry Chains                                                               ; On                   ; On                   ;
; Auto Open-Drain Pins                                                            ; On                   ; On                   ;
; Perform WYSIWYG Primitive Resynthesis                                           ; Off                  ; Off                  ;
; Auto ROM Replacement                                                            ; On                   ; On                   ;
; Auto RAM Replacement                                                            ; On                   ; On                   ;
; Auto DSP Block Replacement                                                      ; On                   ; On                   ;
; Auto Shift Register Replacement                                                 ; Auto                 ; Auto                 ;
; Allow Shift Register Merging across Hierarchies                                 ; Auto                 ; Auto                 ;
; Auto Clock Enable Replacement                                                   ; On                   ; On                   ;
; Strict RAM Replacement                                                          ; Off                  ; Off                  ;
; Allow Synchronous Control Signals                                               ; On                   ; On                   ;
; Force Use of Synchronous Clear Signals                                          ; Off                  ; Off                  ;
; Auto Resource Sharing                                                           ; Off                  ; Off                  ;
; Allow Any RAM Size For Recognition                                              ; Off                  ; Off                  ;
; Allow Any ROM Size For Recognition                                              ; Off                  ; Off                  ;
; Allow Any Shift Register Size For Recognition                                   ; Off                  ; Off                  ;
; Use LogicLock Constraints during Resource Balancing                             ; On                   ; On                   ;
; Ignore translate_off and synthesis_off directives                               ; Off                  ; Off                  ;
; Timing-Driven Synthesis                                                         ; On                   ; On                   ;
; Report Parameter Settings                                                       ; On                   ; On                   ;
; Report Source Assignments                                                       ; On                   ; On                   ;
; Report Connectivity Checks                                                      ; On                   ; On                   ;
; Ignore Maximum Fan-Out Assignments                                              ; Off                  ; Off                  ;
; Synchronization Register Chain Length                                           ; 3                    ; 3                    ;
; PowerPlay Power Optimization                                                    ; Normal compilation   ; Normal compilation   ;
; HDL message level                                                               ; Level2               ; Level2               ;
; Suppress Register Optimization Related Messages                                 ; Off                  ; Off                  ;
; Number of Removed Registers Reported in Synthesis Report                        ; 5000                 ; 5000                 ;
; Number of Swept Nodes Reported in Synthesis Report                              ; 5000                 ; 5000                 ;
; Number of Inverted Registers Reported in Synthesis Report                       ; 100                  ; 100                  ;
; Clock MUX Protection                                                            ; On                   ; On                   ;
; Auto Gated Clock Conversion                                                     ; Off                  ; Off                  ;
; Block Design Naming                                                             ; Auto                 ; Auto                 ;
; SDC constraint protection                                                       ; Off                  ; Off                  ;
; Synthesis Effort                                                                ; Auto                 ; Auto                 ;
; Shift Register Replacement - Allow Asynchronous Clear Signal                    ; On                   ; On                   ;
; Pre-Mapping Resynthesis Optimization                                            ; Off                  ; Off                  ;
; Analysis & Synthesis Message Level                                              ; Medium               ; Medium               ;
; Disable Register Merging Across Hierarchies                                     ; Auto                 ; Auto                 ;
; Resource Aware Inference For Block RAM                                          ; On                   ; On                   ;
; Synthesis Seed                                                                  ; 1                    ; 1                    ;
; Automatic Parallel Synthesis                                                    ; On                   ; On                   ;
; Partial Reconfiguration Bitstream ID                                            ; Off                  ; Off                  ;
+---------------------------------------------------------------------------------+----------------------+----------------------+


+------------------------------------------+
; Parallel Compilation                     ;
+----------------------------+-------------+
; Processors                 ; Number      ;
+----------------------------+-------------+
; Number detected on machine ; 8           ;
; Maximum allowed            ; 4           ;
;                            ;             ;
; Average used               ; 1.00        ;
; Maximum used               ; 1           ;
;                            ;             ;
; Usage by Processor         ; % Time Used ;
;     Processor 1            ; 100.0%      ;
;     Processors 2-8         ;   0.0%      ;
+----------------------------+-------------+


+----------------------------------------------------------------------------------------------------------------------------------------------------------------------------------------------------------+
; Analysis & Synthesis Source Files Read                                                                                                                                                                   ;
+----------------------------------+-----------------+------------------------------------+------------------------------------------------------------------------------------------------------+---------+
; File Name with User-Entered Path ; Used in Netlist ; File Type                          ; File Name with Absolute Path                                                                         ; Library ;
+----------------------------------+-----------------+------------------------------------+------------------------------------------------------------------------------------------------------+---------+
; DownCounterSchematic.bdf         ; yes             ; User Block Diagram/Schematic File  ; C:/Users/codyohl/Documents/SourceTreePortable/Lab1/DownCounterSchematic/DownCounterSchematic.bdf     ;         ;
; flipflop.v                       ; yes             ; User Verilog HDL File              ; C:/Users/codyohl/Documents/SourceTreePortable/Lab1/DownCounterSchematic/flipflop.v                   ;         ;
; output_files/ClockDivider.sv     ; yes             ; User SystemVerilog HDL File        ; C:/Users/codyohl/Documents/SourceTreePortable/Lab1/DownCounterSchematic/output_files/ClockDivider.sv ;         ;
; sld_signaltap.vhd                ; yes             ; Megafunction                       ; c:/altera/14.0/quartus/libraries/megafunctions/sld_signaltap.vhd                                     ;         ;
; sld_signaltap_impl.vhd           ; yes             ; Encrypted Megafunction             ; c:/altera/14.0/quartus/libraries/megafunctions/sld_signaltap_impl.vhd                                ;         ;
; sld_ela_control.vhd              ; yes             ; Encrypted Megafunction             ; c:/altera/14.0/quartus/libraries/megafunctions/sld_ela_control.vhd                                   ;         ;
; lpm_shiftreg.tdf                 ; yes             ; Megafunction                       ; c:/altera/14.0/quartus/libraries/megafunctions/lpm_shiftreg.tdf                                      ;         ;
; lpm_constant.inc                 ; yes             ; Megafunction                       ; c:/altera/14.0/quartus/libraries/megafunctions/lpm_constant.inc                                      ;         ;
; dffeea.inc                       ; yes             ; Megafunction                       ; c:/altera/14.0/quartus/libraries/megafunctions/dffeea.inc                                            ;         ;
; aglobal140.inc                   ; yes             ; Megafunction                       ; c:/altera/14.0/quartus/libraries/megafunctions/aglobal140.inc                                        ;         ;
; sld_mbpmg.vhd                    ; yes             ; Encrypted Megafunction             ; c:/altera/14.0/quartus/libraries/megafunctions/sld_mbpmg.vhd                                         ;         ;
; sld_ela_trigger_flow_mgr.vhd     ; yes             ; Encrypted Megafunction             ; c:/altera/14.0/quartus/libraries/megafunctions/sld_ela_trigger_flow_mgr.vhd                          ;         ;
; sld_buffer_manager.vhd           ; yes             ; Encrypted Megafunction             ; c:/altera/14.0/quartus/libraries/megafunctions/sld_buffer_manager.vhd                                ;         ;
; altsyncram.tdf                   ; yes             ; Megafunction                       ; c:/altera/14.0/quartus/libraries/megafunctions/altsyncram.tdf                                        ;         ;
; stratix_ram_block.inc            ; yes             ; Megafunction                       ; c:/altera/14.0/quartus/libraries/megafunctions/stratix_ram_block.inc                                 ;         ;
; lpm_mux.inc                      ; yes             ; Megafunction                       ; c:/altera/14.0/quartus/libraries/megafunctions/lpm_mux.inc                                           ;         ;
; lpm_decode.inc                   ; yes             ; Megafunction                       ; c:/altera/14.0/quartus/libraries/megafunctions/lpm_decode.inc                                        ;         ;
; a_rdenreg.inc                    ; yes             ; Megafunction                       ; c:/altera/14.0/quartus/libraries/megafunctions/a_rdenreg.inc                                         ;         ;
; altrom.inc                       ; yes             ; Megafunction                       ; c:/altera/14.0/quartus/libraries/megafunctions/altrom.inc                                            ;         ;
; altram.inc                       ; yes             ; Megafunction                       ; c:/altera/14.0/quartus/libraries/megafunctions/altram.inc                                            ;         ;
; altdpram.inc                     ; yes             ; Megafunction                       ; c:/altera/14.0/quartus/libraries/megafunctions/altdpram.inc                                          ;         ;
; db/altsyncram_s484.tdf           ; yes             ; Auto-Generated Megafunction        ; C:/Users/codyohl/Documents/SourceTreePortable/Lab1/DownCounterSchematic/db/altsyncram_s484.tdf       ;         ;
; db/decode_tma.tdf                ; yes             ; Auto-Generated Megafunction        ; C:/Users/codyohl/Documents/SourceTreePortable/Lab1/DownCounterSchematic/db/decode_tma.tdf            ;         ;
; db/mux_ahb.tdf                   ; yes             ; Auto-Generated Megafunction        ; C:/Users/codyohl/Documents/SourceTreePortable/Lab1/DownCounterSchematic/db/mux_ahb.tdf               ;         ;
; altdpram.tdf                     ; yes             ; Megafunction                       ; c:/altera/14.0/quartus/libraries/megafunctions/altdpram.tdf                                          ;         ;
; memmodes.inc                     ; yes             ; Megafunction                       ; c:/altera/14.0/quartus/libraries/others/maxplus2/memmodes.inc                                        ;         ;
; a_hdffe.inc                      ; yes             ; Megafunction                       ; c:/altera/14.0/quartus/libraries/megafunctions/a_hdffe.inc                                           ;         ;
; alt_le_rden_reg.inc              ; yes             ; Megafunction                       ; c:/altera/14.0/quartus/libraries/megafunctions/alt_le_rden_reg.inc                                   ;         ;
; altsyncram.inc                   ; yes             ; Megafunction                       ; c:/altera/14.0/quartus/libraries/megafunctions/altsyncram.inc                                        ;         ;
; lpm_mux.tdf                      ; yes             ; Megafunction                       ; c:/altera/14.0/quartus/libraries/megafunctions/lpm_mux.tdf                                           ;         ;
; muxlut.inc                       ; yes             ; Megafunction                       ; c:/altera/14.0/quartus/libraries/megafunctions/muxlut.inc                                            ;         ;
; bypassff.inc                     ; yes             ; Megafunction                       ; c:/altera/14.0/quartus/libraries/megafunctions/bypassff.inc                                          ;         ;
; altshift.inc                     ; yes             ; Megafunction                       ; c:/altera/14.0/quartus/libraries/megafunctions/altshift.inc                                          ;         ;
; db/mux_glc.tdf                   ; yes             ; Auto-Generated Megafunction        ; C:/Users/codyohl/Documents/SourceTreePortable/Lab1/DownCounterSchematic/db/mux_glc.tdf               ;         ;
; lpm_decode.tdf                   ; yes             ; Megafunction                       ; c:/altera/14.0/quartus/libraries/megafunctions/lpm_decode.tdf                                        ;         ;
; declut.inc                       ; yes             ; Megafunction                       ; c:/altera/14.0/quartus/libraries/megafunctions/declut.inc                                            ;         ;
; lpm_compare.inc                  ; yes             ; Megafunction                       ; c:/altera/14.0/quartus/libraries/megafunctions/lpm_compare.inc                                       ;         ;
; db/decode_vnf.tdf                ; yes             ; Auto-Generated Megafunction        ; C:/Users/codyohl/Documents/SourceTreePortable/Lab1/DownCounterSchematic/db/decode_vnf.tdf            ;         ;
; lpm_counter.tdf                  ; yes             ; Megafunction                       ; c:/altera/14.0/quartus/libraries/megafunctions/lpm_counter.tdf                                       ;         ;
; lpm_add_sub.inc                  ; yes             ; Megafunction                       ; c:/altera/14.0/quartus/libraries/megafunctions/lpm_add_sub.inc                                       ;         ;
; cmpconst.inc                     ; yes             ; Megafunction                       ; c:/altera/14.0/quartus/libraries/megafunctions/cmpconst.inc                                          ;         ;
; lpm_counter.inc                  ; yes             ; Megafunction                       ; c:/altera/14.0/quartus/libraries/megafunctions/lpm_counter.inc                                       ;         ;
; alt_counter_stratix.inc          ; yes             ; Megafunction                       ; c:/altera/14.0/quartus/libraries/megafunctions/alt_counter_stratix.inc                               ;         ;
; db/cntr_e7i.tdf                  ; yes             ; Auto-Generated Megafunction        ; C:/Users/codyohl/Documents/SourceTreePortable/Lab1/DownCounterSchematic/db/cntr_e7i.tdf              ;         ;
; db/cmpr_b9c.tdf                  ; yes             ; Auto-Generated Megafunction        ; C:/Users/codyohl/Documents/SourceTreePortable/Lab1/DownCounterSchematic/db/cmpr_b9c.tdf              ;         ;
; db/cntr_85j.tdf                  ; yes             ; Auto-Generated Megafunction        ; C:/Users/codyohl/Documents/SourceTreePortable/Lab1/DownCounterSchematic/db/cntr_85j.tdf              ;         ;
; db/cntr_49i.tdf                  ; yes             ; Auto-Generated Megafunction        ; C:/Users/codyohl/Documents/SourceTreePortable/Lab1/DownCounterSchematic/db/cntr_49i.tdf              ;         ;
; db/cmpr_e9c.tdf                  ; yes             ; Auto-Generated Megafunction        ; C:/Users/codyohl/Documents/SourceTreePortable/Lab1/DownCounterSchematic/db/cmpr_e9c.tdf              ;         ;
; db/cntr_kri.tdf                  ; yes             ; Auto-Generated Megafunction        ; C:/Users/codyohl/Documents/SourceTreePortable/Lab1/DownCounterSchematic/db/cntr_kri.tdf              ;         ;
; db/cmpr_99c.tdf                  ; yes             ; Auto-Generated Megafunction        ; C:/Users/codyohl/Documents/SourceTreePortable/Lab1/DownCounterSchematic/db/cmpr_99c.tdf              ;         ;
; sld_rom_sr.vhd                   ; yes             ; Encrypted Megafunction             ; c:/altera/14.0/quartus/libraries/megafunctions/sld_rom_sr.vhd                                        ;         ;
; sld_hub.vhd                      ; yes             ; Encrypted Megafunction             ; c:/altera/14.0/quartus/libraries/megafunctions/sld_hub.vhd                                           ;         ;
; sld_jtag_hub.vhd                 ; yes             ; Encrypted Megafunction             ; c:/altera/14.0/quartus/libraries/megafunctions/sld_jtag_hub.vhd                                      ;         ;
+----------------------------------+-----------------+------------------------------------+------------------------------------------------------------------------------------------------------+---------+


+--------------------------------------------------------+
; Analysis & Synthesis Resource Usage Summary            ;
+---------------------------------------------+----------+
; Resource                                    ; Usage    ;
+---------------------------------------------+----------+
; Estimate of Logic utilization (ALMs needed) ; 13       ;
;                                             ;          ;
; Combinational ALUT usage for logic          ; 25       ;
;     -- 7 input functions                    ; 0        ;
;     -- 6 input functions                    ; 0        ;
;     -- 5 input functions                    ; 0        ;
;     -- 4 input functions                    ; 1        ;
;     -- <=3 input functions                  ; 24       ;
;                                             ;          ;
; Dedicated logic registers                   ; 25       ;
;                                             ;          ;
; I/O pins                                    ; 0        ;
; Total DSP Blocks                            ; 0        ;
; Maximum fan-out node                        ; PIN_AF14 ;
; Maximum fan-out                             ; 21       ;
; Total fan-out                               ; 111      ;
; Average fan-out                             ; 1.91     ;
+---------------------------------------------+----------+


+--------------------------------------------------------------------------------------------------------------------------------------------------------------------------------+
; Analysis & Synthesis Resource Utilization by Entity                                                                                                                            ;
+----------------------------+-------------------+--------------+-------------------+------------+------+--------------+------------------------------------------+--------------+
; Compilation Hierarchy Node ; LC Combinationals ; LC Registers ; Block Memory Bits ; DSP Blocks ; Pins ; Virtual Pins ; Full Hierarchy Name                      ; Library Name ;
+----------------------------+-------------------+--------------+-------------------+------------+------+--------------+------------------------------------------+--------------+
; |DownCounterSchematic      ; 25 (3)            ; 25 (0)       ; 0                 ; 0          ; 0    ; 0            ; |DownCounterSchematic                    ; work         ;
;    |ClockDivider:inst2|    ; 21 (21)           ; 21 (21)      ; 0                 ; 0          ; 0    ; 0            ; |DownCounterSchematic|ClockDivider:inst2 ; work         ;
;    |DFlipFlop:inst3|       ; 1 (1)             ; 1 (1)        ; 0                 ; 0          ; 0    ; 0            ; |DownCounterSchematic|DFlipFlop:inst3    ; work         ;
;    |DFlipFlop:inst4|       ; 0 (0)             ; 1 (1)        ; 0                 ; 0          ; 0    ; 0            ; |DownCounterSchematic|DFlipFlop:inst4    ; work         ;
;    |DFlipFlop:inst5|       ; 0 (0)             ; 1 (1)        ; 0                 ; 0          ; 0    ; 0            ; |DownCounterSchematic|DFlipFlop:inst5    ; work         ;
;    |DFlipFlop:inst6|       ; 0 (0)             ; 1 (1)        ; 0                 ; 0          ; 0    ; 0            ; |DownCounterSchematic|DFlipFlop:inst6    ; work         ;
+----------------------------+-------------------+--------------+-------------------+------------+------+--------------+------------------------------------------+--------------+
Note: For table entries with two numbers listed, the numbers in parentheses indicate the number of resources of the given type used by the specific entity alone. The numbers listed outside of parentheses indicate the total resources of the given type used by the specific entity and all of its sub-entities in the hierarchy.


+------------------------------------------------------+
; General Register Statistics                          ;
+----------------------------------------------+-------+
; Statistic                                    ; Value ;
+----------------------------------------------+-------+
; Total registers                              ; 25    ;
; Number of registers using Synchronous Clear  ; 0     ;
; Number of registers using Synchronous Load   ; 0     ;
; Number of registers using Asynchronous Clear ; 4     ;
; Number of registers using Asynchronous Load  ; 0     ;
; Number of registers using Clock Enable       ; 0     ;
; Number of registers using Preset             ; 0     ;
+----------------------------------------------+-------+


+-------------------------------------------------------+
; Source assignments for sld_signaltap:auto_signaltap_0 ;
+-----------------+-------+------+----------------------+
; Assignment      ; Value ; From ; To                   ;
+-----------------+-------+------+----------------------+
; MESSAGE_DISABLE ; 13410 ; -    ; -                    ;
+-----------------+-------+------+----------------------+


+-------------------------------------------------------+
; Source assignments for sld_signaltap:auto_signaltap_1 ;
+-----------------+-------+------+----------------------+
; Assignment      ; Value ; From ; To                   ;
+-----------------+-------+------+----------------------+
; MESSAGE_DISABLE ; 13410 ; -    ; -                    ;
+-----------------+-------+------+----------------------+


+-----------------------------------------------------------------+
; Parameter Settings for User Entity Instance: ClockDivider:inst2 ;
+----------------+-------+----------------------------------------+
; Parameter Name ; Value ; Type                                   ;
+----------------+-------+----------------------------------------+
; whichClock     ; 20    ; Signed Integer                         ;
+----------------+-------+----------------------------------------+
Note: In order to hide this table in the UI and the text report file, please set the "Show Parameter Settings in Synthesis Report" option in "Analysis and Synthesis Settings -> More Settings" to "Off".


+-------------------------------------------------------------------------------------------------------+
; Parameter Settings for Inferred Entity Instance: sld_signaltap:auto_signaltap_0                       ;
+-------------------------------------------------+------------------------------------+----------------+
; Parameter Name                                  ; Value                              ; Type           ;
+-------------------------------------------------+------------------------------------+----------------+
; lpm_type                                        ; sld_signaltap                      ; String         ;
; sld_node_info                                   ; 805334528                          ; Untyped        ;
; SLD_IP_VERSION                                  ; 6                                  ; Signed Integer ;
; SLD_IP_MINOR_VERSION                            ; 0                                  ; Signed Integer ;
; SLD_COMMON_IP_VERSION                           ; 0                                  ; Signed Integer ;
; sld_data_bits                                   ; 5                                  ; Untyped        ;
; sld_trigger_bits                                ; 1                                  ; Untyped        ;
; SLD_NODE_CRC_BITS                               ; 32                                 ; Signed Integer ;
; SLD_NODE_CRC_HIWORD                             ; 41394                              ; Signed Integer ;
; SLD_NODE_CRC_LOWORD                             ; 50132                              ; Signed Integer ;
; sld_incremental_routing                         ; 1                                  ; Untyped        ;
; sld_sample_depth                                ; 131072                             ; Untyped        ;
; sld_segment_size                                ; 131072                             ; Untyped        ;
; sld_ram_block_type                              ; AUTO                               ; Untyped        ;
; sld_state_bits                                  ; 11                                 ; Untyped        ;
; sld_buffer_full_stop                            ; 1                                  ; Untyped        ;
; SLD_MEM_ADDRESS_BITS                            ; 7                                  ; Signed Integer ;
; SLD_DATA_BIT_CNTR_BITS                          ; 4                                  ; Signed Integer ;
; sld_trigger_level                               ; 1                                  ; Untyped        ;
; sld_trigger_in_enabled                          ; 1                                  ; Untyped        ;
; SLD_HPS_TRIGGER_IN_ENABLED                      ; 0                                  ; Signed Integer ;
; SLD_HPS_TRIGGER_OUT_ENABLED                     ; 0                                  ; Signed Integer ;
; SLD_HPS_EVENT_ENABLED                           ; 0                                  ; Signed Integer ;
; SLD_HPS_EVENT_ID                                ; 0                                  ; Signed Integer ;
; sld_advanced_trigger_entity                     ; basic,1,                           ; Untyped        ;
; sld_trigger_level_pipeline                      ; 1                                  ; Untyped        ;
; sld_enable_advanced_trigger                     ; 0                                  ; Untyped        ;
; SLD_ADVANCED_TRIGGER_1                          ; NONE                               ; String         ;
; SLD_ADVANCED_TRIGGER_2                          ; NONE                               ; String         ;
; SLD_ADVANCED_TRIGGER_3                          ; NONE                               ; String         ;
; SLD_ADVANCED_TRIGGER_4                          ; NONE                               ; String         ;
; SLD_ADVANCED_TRIGGER_5                          ; NONE                               ; String         ;
; SLD_ADVANCED_TRIGGER_6                          ; NONE                               ; String         ;
; SLD_ADVANCED_TRIGGER_7                          ; NONE                               ; String         ;
; SLD_ADVANCED_TRIGGER_8                          ; NONE                               ; String         ;
; SLD_ADVANCED_TRIGGER_9                          ; NONE                               ; String         ;
; SLD_ADVANCED_TRIGGER_10                         ; NONE                               ; String         ;
; sld_inversion_mask_length                       ; 34                                 ; Untyped        ;
; sld_inversion_mask                              ; 0000000000000000000000000000000000 ; Untyped        ;
; sld_power_up_trigger                            ; 0                                  ; Untyped        ;
; SLD_STATE_FLOW_MGR_ENTITY                       ; state_flow_mgr_entity.vhd          ; String         ;
; sld_state_flow_use_generated                    ; 0                                  ; Untyped        ;
; sld_current_resource_width                      ; 1                                  ; Untyped        ;
; sld_attribute_mem_mode                          ; OFF                                ; Untyped        ;
; sld_storage_qualifier_bits                      ; 5                                  ; Untyped        ;
; SLD_STORAGE_QUALIFIER_GAP_RECORD                ; 0                                  ; Signed Integer ;
; SLD_STORAGE_QUALIFIER_MODE                      ; OFF                                ; String         ;
; SLD_STORAGE_QUALIFIER_ENABLE_ADVANCED_CONDITION ; 0                                  ; Signed Integer ;
; sld_storage_qualifier_inversion_mask_length     ; 0                                  ; Untyped        ;
; SLD_STORAGE_QUALIFIER_ADVANCED_CONDITION_ENTITY ; basic                              ; String         ;
; SLD_STORAGE_QUALIFIER_PIPELINE                  ; 0                                  ; Signed Integer ;
+-------------------------------------------------+------------------------------------+----------------+
Note: In order to hide this table in the UI and the text report file, please set the "Show Parameter Settings in Synthesis Report" option in "Analysis and Synthesis Settings -> More Settings" to "Off".


+----------------------------------------------------------------------------------------------------------------+
; Parameter Settings for Inferred Entity Instance: sld_signaltap:auto_signaltap_1                                ;
+-------------------------------------------------+---------------------------------------------+----------------+
; Parameter Name                                  ; Value                                       ; Type           ;
+-------------------------------------------------+---------------------------------------------+----------------+
; lpm_type                                        ; sld_signaltap                               ; String         ;
; sld_node_info                                   ; 805334529                                   ; Untyped        ;
; SLD_IP_VERSION                                  ; 6                                           ; Signed Integer ;
; SLD_IP_MINOR_VERSION                            ; 0                                           ; Signed Integer ;
; SLD_COMMON_IP_VERSION                           ; 0                                           ; Signed Integer ;
; sld_data_bits                                   ; 5                                           ; Untyped        ;
; sld_trigger_bits                                ; 4                                           ; Untyped        ;
; SLD_NODE_CRC_BITS                               ; 32                                          ; Signed Integer ;
; SLD_NODE_CRC_HIWORD                             ; 41394                                       ; Signed Integer ;
; SLD_NODE_CRC_LOWORD                             ; 50132                                       ; Signed Integer ;
; sld_incremental_routing                         ; 1                                           ; Untyped        ;
; sld_sample_depth                                ; 131072                                      ; Untyped        ;
; sld_segment_size                                ; 131072                                      ; Untyped        ;
; sld_ram_block_type                              ; AUTO                                        ; Untyped        ;
; sld_state_bits                                  ; 11                                          ; Untyped        ;
; sld_buffer_full_stop                            ; 1                                           ; Untyped        ;
; SLD_MEM_ADDRESS_BITS                            ; 7                                           ; Signed Integer ;
; SLD_DATA_BIT_CNTR_BITS                          ; 4                                           ; Signed Integer ;
; sld_trigger_level                               ; 1                                           ; Untyped        ;
; sld_trigger_in_enabled                          ; 0                                           ; Untyped        ;
; SLD_HPS_TRIGGER_IN_ENABLED                      ; 0                                           ; Signed Integer ;
; SLD_HPS_TRIGGER_OUT_ENABLED                     ; 0                                           ; Signed Integer ;
; SLD_HPS_EVENT_ENABLED                           ; 0                                           ; Signed Integer ;
; SLD_HPS_EVENT_ID                                ; 0                                           ; Signed Integer ;
; sld_advanced_trigger_entity                     ; basic,1,                                    ; Untyped        ;
; sld_trigger_level_pipeline                      ; 1                                           ; Untyped        ;
; sld_enable_advanced_trigger                     ; 0                                           ; Untyped        ;
; SLD_ADVANCED_TRIGGER_1                          ; NONE                                        ; String         ;
; SLD_ADVANCED_TRIGGER_2                          ; NONE                                        ; String         ;
; SLD_ADVANCED_TRIGGER_3                          ; NONE                                        ; String         ;
; SLD_ADVANCED_TRIGGER_4                          ; NONE                                        ; String         ;
; SLD_ADVANCED_TRIGGER_5                          ; NONE                                        ; String         ;
; SLD_ADVANCED_TRIGGER_6                          ; NONE                                        ; String         ;
; SLD_ADVANCED_TRIGGER_7                          ; NONE                                        ; String         ;
; SLD_ADVANCED_TRIGGER_8                          ; NONE                                        ; String         ;
; SLD_ADVANCED_TRIGGER_9                          ; NONE                                        ; String         ;
; SLD_ADVANCED_TRIGGER_10                         ; NONE                                        ; String         ;
; sld_inversion_mask_length                       ; 43                                          ; Untyped        ;
; sld_inversion_mask                              ; 0000000000000000000000000000000000000000000 ; Untyped        ;
; sld_power_up_trigger                            ; 0                                           ; Untyped        ;
; SLD_STATE_FLOW_MGR_ENTITY                       ; state_flow_mgr_entity.vhd                   ; String         ;
; sld_state_flow_use_generated                    ; 0                                           ; Untyped        ;
; sld_current_resource_width                      ; 1                                           ; Untyped        ;
; sld_attribute_mem_mode                          ; OFF                                         ; Untyped        ;
; sld_storage_qualifier_bits                      ; 5                                           ; Untyped        ;
; SLD_STORAGE_QUALIFIER_GAP_RECORD                ; 0                                           ; Signed Integer ;
; SLD_STORAGE_QUALIFIER_MODE                      ; OFF                                         ; String         ;
; SLD_STORAGE_QUALIFIER_ENABLE_ADVANCED_CONDITION ; 0                                           ; Signed Integer ;
; sld_storage_qualifier_inversion_mask_length     ; 0                                           ; Untyped        ;
; SLD_STORAGE_QUALIFIER_ADVANCED_CONDITION_ENTITY ; basic                                       ; String         ;
; SLD_STORAGE_QUALIFIER_PIPELINE                  ; 0                                           ; Signed Integer ;
+-------------------------------------------------+---------------------------------------------+----------------+
Note: In order to hide this table in the UI and the text report file, please set the "Show Parameter Settings in Synthesis Report" option in "Analysis and Synthesis Settings -> More Settings" to "Off".


+-------------------------------------------------------------------------------------------------------------------------------------------------------------------------------------------------------------------------------------------------------------------------+
; SignalTap II Logic Analyzer Settings                                                                                                                                                                                                                                    ;
+----------------+------------------+---------------------+------------------+--------------+----------+------------------------+----------------------+--------------------+-----------------------------+-----------------+------------------+--------------------------+
; Instance Index ; Instance Name    ; Trigger Input Width ; Data Input Width ; Sample Depth ; Segments ; Storage Qualifier Type ; Trigger Flow Control ; Trigger Conditions ; Advanced Trigger Conditions ; Trigger In Used ; Trigger Out Used ; Power-Up Trigger Enabled ;
+----------------+------------------+---------------------+------------------+--------------+----------+------------------------+----------------------+--------------------+-----------------------------+-----------------+------------------+--------------------------+
; 0              ; auto_signaltap_0 ; 1                   ; 5                ; 131072       ; 1        ; continuous             ; sequential           ; 1                  ; 0                           ; no              ; no               ; no                       ;
; 1              ; auto_signaltap_1 ; 4                   ; 5                ; 131072       ; 1        ; continuous             ; sequential           ; 1                  ; 0                           ; no              ; no               ; no                       ;
+----------------+------------------+---------------------+------------------+--------------+----------+------------------------+----------------------+--------------------+-----------------------------+-----------------+------------------+--------------------------+


+-----------------------------------------------------+
; Post-Synthesis Netlist Statistics for Top Partition ;
+-----------------------+-----------------------------+
; Type                  ; Count                       ;
+-----------------------+-----------------------------+
; arriav_ff             ; 25                          ;
;     CLR               ; 4                           ;
;     plain             ; 21                          ;
; arriav_lcell_comb     ; 25                          ;
;     arith             ; 20                          ;
;         1 data inputs ; 19                          ;
;         2 data inputs ; 1                           ;
;     normal            ; 5                           ;
;         1 data inputs ; 2                           ;
;         2 data inputs ; 1                           ;
;         3 data inputs ; 1                           ;
;         4 data inputs ; 1                           ;
; boundary_port         ; 8                           ;
;                       ;                             ;
; Max LUT depth         ; 2.90                        ;
; Average LUT depth     ; 2.04                        ;
+-----------------------+-----------------------------+


+-------------------------------+
; Elapsed Time Per Partition    ;
+----------------+--------------+
; Partition Name ; Elapsed Time ;
+----------------+--------------+
; Top            ; 00:00:00     ;
+----------------+--------------+


+-------------------------------+
; Analysis & Synthesis Messages ;
+-------------------------------+
Info: *******************************************************************
Info: Running Quartus II 64-Bit Analysis & Synthesis
    Info: Version 14.0.0 Build 200 06/17/2014 SJ Full Version
    Info: Processing started: Thu Apr 02 19:11:06 2015
Info: Command: quartus_map --read_settings_files=on --write_settings_files=off DownCounterSchematic -c DownCounterSchematic --recompile=on
Info (11104): Parallel Compilation has detected 8 hyper-threaded processors. However, the extra hyper-threaded processors will not be used by default. Parallel Compilation will use 4 of the 4 physical processors detected instead.
Info (12021): Found 1 design units, including 1 entities, in source file downcounterschematic.bdf
    Info (12023): Found entity 1: DownCounterSchematic
Info (12021): Found 1 design units, including 1 entities, in source file flipflop.v
    Info (12023): Found entity 1: DFlipFlop
Info (12021): Found 1 design units, including 1 entities, in source file output_files/clockdivider.sv
    Info (12023): Found entity 1: ClockDivider
Info (12127): Elaborating entity "DownCounterSchematic" for the top level hierarchy
Info (12128): Elaborating entity "DFlipFlop" for hierarchy "DFlipFlop:inst6"
Info (12128): Elaborating entity "ClockDivider" for hierarchy "ClockDivider:inst2"
Info (12021): Found 1 design units, including 1 entities, in source file db/altsyncram_s484.tdf
    Info (12023): Found entity 1: altsyncram_s484
Info (12021): Found 1 design units, including 1 entities, in source file db/decode_tma.tdf
    Info (12023): Found entity 1: decode_tma
Info (12021): Found 1 design units, including 1 entities, in source file db/mux_ahb.tdf
    Info (12023): Found entity 1: mux_ahb
Info (12021): Found 1 design units, including 1 entities, in source file db/mux_glc.tdf
    Info (12023): Found entity 1: mux_glc
Info (12021): Found 1 design units, including 1 entities, in source file db/decode_vnf.tdf
    Info (12023): Found entity 1: decode_vnf
Info (12021): Found 1 design units, including 1 entities, in source file db/cntr_e7i.tdf
    Info (12023): Found entity 1: cntr_e7i
Info (12021): Found 1 design units, including 1 entities, in source file db/cmpr_b9c.tdf
    Info (12023): Found entity 1: cmpr_b9c
Info (12021): Found 1 design units, including 1 entities, in source file db/cntr_85j.tdf
    Info (12023): Found entity 1: cntr_85j
Info (12021): Found 1 design units, including 1 entities, in source file db/cntr_49i.tdf
    Info (12023): Found entity 1: cntr_49i
Info (12021): Found 1 design units, including 1 entities, in source file db/cmpr_e9c.tdf
    Info (12023): Found entity 1: cmpr_e9c
Info (12021): Found 1 design units, including 1 entities, in source file db/cntr_kri.tdf
    Info (12023): Found entity 1: cntr_kri
Info (12021): Found 1 design units, including 1 entities, in source file db/cmpr_99c.tdf
    Info (12023): Found entity 1: cmpr_99c
Info (12033): Analysis and Synthesis generated SignalTap II or debug node instance "auto_signaltap_0"
Info (12033): Analysis and Synthesis generated SignalTap II or debug node instance "auto_signaltap_1"
Info (12244): Starting Rapid Recompile for partition "Top"
Info (21057): Implemented 33 device resources after synthesis - the final resource count might be different
    Info (21058): Implemented 2 input pins
    Info (21059): Implemented 6 output pins
    Info (21061): Implemented 25 logic cells
Info: Quartus II 64-Bit Analysis & Synthesis was successful. 0 errors, 0 warnings
    Info: Peak virtual memory: 699 megabytes
    Info: Processing ended: Thu Apr 02 19:11:11 2015
    Info: Elapsed time: 00:00:05
    Info: Total CPU time (on all processors): 00:00:04


