Info: Starting: Create block symbol file (.bsf)
Info: ip-generate --project-directory="C:\Users\codyohl\Documents\nightmares\ll11ll1lll1l1llab 5" --output-directory="C:\Users\codyohl\Documents\nightmares\ll11ll1lll1l1llab 5\nios_system" --report-file="bsf:C:\Users\codyohl\Documents\nightmares\ll11ll1lll1l1llab 5\nios_system\switchesqsys.bsf" --system-info=DEVICE_FAMILY="Cyclone V" --system-info=DEVICE=5CSEMA5F31C6 --system-info=DEVICE_SPEEDGRADE=6 --component-file="C:\Users\codyohl\Documents\nightmares\ll11ll1lll1l1llab 5\switchesqsys.qsys"
Progress: Loading ll11ll1lll1l1llab 5/switchesqsys.qsys
Progress: Reading input file
Progress: Adding clk_0 [clock_source 14.0]
Progress: Parameterizing module clk_0
Progress: Adding nios2_processor [altera_nios2_qsys 14.0]
Progress: Parameterizing module nios2_processor
Progress: Adding onchip_memory [altera_avalon_onchip_memory2 14.0]
Progress: Parameterizing module onchip_memory
Progress: Adding switches [altera_avalon_pio 14.0]
Progress: Parameterizing module switches
Progress: Adding LEDs [altera_avalon_pio 14.0]
Progress: Parameterizing module LEDs
Progress: Adding jtag_uart [altera_avalon_jtag_uart 14.0]
Progress: Parameterizing module jtag_uart
Progress: Adding readyToDownload [altera_avalon_pio 14.0]
Progress: Parameterizing module readyToDownload
Progress: Adding outSignal [altera_avalon_pio 14.0]
Progress: Parameterizing module outSignal
Progress: Adding curByteOut [altera_avalon_pio 14.0]
Progress: Parameterizing module curByteOut
Progress: Adding inStrobe [altera_avalon_pio 14.0]
Progress: Parameterizing module inStrobe
Progress: Adding load [altera_avalon_pio 14.0]
Progress: Parameterizing module load
Progress: Adding curByteIn [altera_avalon_pio 14.0]
Progress: Parameterizing module curByteIn
Progress: Adding empty [altera_avalon_pio 14.0]
Progress: Parameterizing module empty
Progress: Building connections
Progress: Parameterizing connections
Progress: Validating
Progress: Done reading input file
Info: switchesqsys.nios2_processor: Please note that for early evaluation, preview versions of new Nios II Gen2 Processors are available with this release.
Info: switchesqsys.switches: PIO inputs are not hardwired in test bench. Undefined values will be read from PIO inputs during simulation.
Info: switchesqsys.readyToDownload: PIO inputs are not hardwired in test bench. Undefined values will be read from PIO inputs during simulation.
Info: switchesqsys.inStrobe: PIO inputs are not hardwired in test bench. Undefined values will be read from PIO inputs during simulation.
Info: switchesqsys.curByteIn: PIO inputs are not hardwired in test bench. Undefined values will be read from PIO inputs during simulation.
Info: ip-generate succeeded.
Info: Finished: Create block symbol file (.bsf)
Info: 
Info: Starting: Create HDL design files for synthesis
Info: ip-generate --project-directory="C:\Users\codyohl\Documents\nightmares\ll11ll1lll1l1llab 5" --output-directory="C:\Users\codyohl\Documents\nightmares\ll11ll1lll1l1llab 5\nios_system\synthesis" --file-set=QUARTUS_SYNTH --report-file="html:C:\Users\codyohl\Documents\nightmares\ll11ll1lll1l1llab 5\nios_system\switchesqsys.html" --report-file="sopcinfo:C:\Users\codyohl\Documents\nightmares\ll11ll1lll1l1llab 5\switchesqsys.sopcinfo" --report-file="cmp:C:\Users\codyohl\Documents\nightmares\ll11ll1lll1l1llab 5\nios_system\switchesqsys.cmp" --report-file="qip:C:\Users\codyohl\Documents\nightmares\ll11ll1lll1l1llab 5\nios_system\synthesis\switchesqsys.qip" --report-file="svd:C:\Users\codyohl\Documents\nightmares\ll11ll1lll1l1llab 5\nios_system\synthesis\switchesqsys.svd" --report-file="regmap:C:\Users\codyohl\Documents\nightmares\ll11ll1lll1l1llab 5\nios_system\synthesis\switchesqsys.regmap" --report-file="xml:C:\Users\codyohl\Documents\nightmares\ll11ll1lll1l1llab 5\nios_system\switchesqsys.xml" --report-file="debuginfo:C:\Users\codyohl\Documents\nightmares\ll11ll1lll1l1llab 5\nios_system\synthesis\switchesqsys.debuginfo" --system-info=DEVICE_FAMILY="Cyclone V" --system-info=DEVICE=5CSEMA5F31C6 --system-info=DEVICE_SPEEDGRADE=6 --component-file="C:\Users\codyohl\Documents\nightmares\ll11ll1lll1l1llab 5\switchesqsys.qsys" --language=VERILOG
Progress: Loading ll11ll1lll1l1llab 5/switchesqsys.qsys
Progress: Reading input file
Progress: Adding clk_0 [clock_source 14.0]
Progress: Parameterizing module clk_0
Progress: Adding nios2_processor [altera_nios2_qsys 14.0]
Progress: Parameterizing module nios2_processor
Progress: Adding onchip_memory [altera_avalon_onchip_memory2 14.0]
Progress: Parameterizing module onchip_memory
Progress: Adding switches [altera_avalon_pio 14.0]
Progress: Parameterizing module switches
Progress: Adding LEDs [altera_avalon_pio 14.0]
Progress: Parameterizing module LEDs
Progress: Adding jtag_uart [altera_avalon_jtag_uart 14.0]
Progress: Parameterizing module jtag_uart
Progress: Adding readyToDownload [altera_avalon_pio 14.0]
Progress: Parameterizing module readyToDownload
Progress: Adding outSignal [altera_avalon_pio 14.0]
Progress: Parameterizing module outSignal
Progress: Adding curByteOut [altera_avalon_pio 14.0]
Progress: Parameterizing module curByteOut
Progress: Adding inStrobe [altera_avalon_pio 14.0]
Progress: Parameterizing module inStrobe
Progress: Adding load [altera_avalon_pio 14.0]
Progress: Parameterizing module load
Progress: Adding curByteIn [altera_avalon_pio 14.0]
Progress: Parameterizing module curByteIn
Progress: Adding empty [altera_avalon_pio 14.0]
Progress: Parameterizing module empty
Progress: Building connections
Progress: Parameterizing connections
Progress: Validating
Progress: Done reading input file
Info: switchesqsys.nios2_processor: Please note that for early evaluation, preview versions of new Nios II Gen2 Processors are available with this release.
Info: switchesqsys.switches: PIO inputs are not hardwired in test bench. Undefined values will be read from PIO inputs during simulation.
Info: switchesqsys.readyToDownload: PIO inputs are not hardwired in test bench. Undefined values will be read from PIO inputs during simulation.
Info: switchesqsys.inStrobe: PIO inputs are not hardwired in test bench. Undefined values will be read from PIO inputs during simulation.
Info: switchesqsys.curByteIn: PIO inputs are not hardwired in test bench. Undefined values will be read from PIO inputs during simulation.
Info: switchesqsys: Generating switchesqsys "switchesqsys" for QUARTUS_SYNTH
Info: nios2_processor: Starting RTL generation for module 'switchesqsys_nios2_processor'
Info: nios2_processor:   Generation command is [exec C:/altera/14.0/quartus/bin64/eperlcmd.exe -I C:/altera/14.0/quartus/bin64/perl/lib -I C:/altera/14.0/quartus/sopc_builder/bin/europa -I C:/altera/14.0/quartus/sopc_builder/bin/perl_lib -I C:/altera/14.0/quartus/sopc_builder/bin -I C:/altera/14.0/quartus/../ip/altera/nios2_ip/altera_nios2/cpu_lib -I C:/altera/14.0/quartus/../ip/altera/nios2_ip/altera_nios2/nios_lib -I C:/altera/14.0/quartus/../ip/altera/nios2_ip/altera_nios2 -I C:/altera/14.0/quartus/../ip/altera/nios2_ip/altera_nios2 -- C:/altera/14.0/quartus/../ip/altera/nios2_ip/altera_nios2/generate_rtl.epl --name=switchesqsys_nios2_processor --dir=C:/Users/codyohl/AppData/Local/Temp/alt6581_3173380127361147794.dir/0001_nios2_processor_gen/ --quartus_bindir=C:/altera/14.0/quartus/bin64 --verilog --config=C:/Users/codyohl/AppData/Local/Temp/alt6581_3173380127361147794.dir/0001_nios2_processor_gen//switchesqsys_nios2_processor_processor_configuration.pl  --do_build_sim=0  ]
Info: nios2_processor: # 2015.05.26 11:55:36 (*) Starting Nios II generation
Info: nios2_processor: # 2015.05.26 11:55:36 (*)   Checking for plaintext license.
Info: nios2_processor: # 2015.05.26 11:55:37 (*)   Couldn't query license setup in Quartus directory C:/altera/14.0/quartus/bin64
Info: nios2_processor: # 2015.05.26 11:55:37 (*)   Defaulting to contents of LM_LICENSE_FILE environment variable
Info: nios2_processor: # 2015.05.26 11:55:57 (*)   Plaintext license not found.
Info: nios2_processor: # 2015.05.26 11:55:57 (*)   No license required to generate encrypted Nios II/e.
Info: nios2_processor: # 2015.05.26 11:55:57 (*)   Elaborating CPU configuration settings
Info: nios2_processor: # 2015.05.26 11:55:57 (*)   Creating all objects for CPU
Info: nios2_processor: # 2015.05.26 11:55:59 (*)   Generating RTL from CPU objects
Info: nios2_processor: # 2015.05.26 11:55:59 (*)   Creating plain-text RTL
Info: nios2_processor: # 2015.05.26 11:56:00 (*) Done Nios II generation
Info: nios2_processor: Done RTL generation for module 'switchesqsys_nios2_processor'
Info: nios2_processor: "switchesqsys" instantiated altera_nios2_qsys "nios2_processor"
Error: Generation stopped, 14 or more modules remaining
Info: switchesqsys: Done "switchesqsys" with 12 modules, 11 files
Error: ip-generate failed with exit code 1: 1 Error, 0 Warnings
Info: Stopping: Create HDL design files for synthesis
