Partition Merge report for DE1_SoC
Sun Apr 26 22:07:48 2015
Quartus II 64-Bit Version 14.0.0 Build 200 06/17/2014 SJ Full Version


---------------------
; Table of Contents ;
---------------------
  1. Legal Notice
  2. Partition Merge Summary
  3. Partition Merge Netlist Types Used
  4. Partition Merge Rapid Recompile Summary
  5. Connections to In-System Debugging Instance "Ship_Left"
  6. Partition Merge Partition Pin Processing
  7. Partition Merge Resource Usage Summary
  8. Partition Merge RAM Summary
  9. Partition Merge Messages



----------------
; Legal Notice ;
----------------
Copyright (C) 1991-2014 Altera Corporation. All rights reserved.
Your use of Altera Corporation's design tools, logic functions 
and other software and tools, and its AMPP partner logic 
functions, and any output files from any of the foregoing 
(including device programming or simulation files), and any 
associated documentation or information are expressly subject 
to the terms and conditions of the Altera Program License 
Subscription Agreement, the Altera Quartus II License Agreement,
the Altera MegaCore Function License Agreement, or other 
applicable license agreement, including, without limitation, 
that your use is for the sole purpose of programming logic 
devices manufactured by Altera and sold by Altera or its 
authorized distributors.  Please refer to the applicable 
agreement for further details.



+-------------------------------------------------------------------------------+
; Partition Merge Summary                                                       ;
+---------------------------------+---------------------------------------------+
; Partition Merge Status          ; Successful - Sun Apr 26 22:07:48 2015       ;
; Quartus II 64-Bit Version       ; 14.0.0 Build 200 06/17/2014 SJ Full Version ;
; Revision Name                   ; DE1_SoC                                     ;
; Top-level Entity Name           ; DE1_SoC                                     ;
; Family                          ; Cyclone V                                   ;
; Logic utilization (in ALMs)     ; 482 / 32,070 ( 2 % )                        ;
; Total registers                 ; 629                                         ;
; Total pins                      ; 67 / 457 ( 15 % )                           ;
; Total virtual pins              ; 0                                           ;
; Total block memory bits         ; 262,144 / 4,065,280 ( 6 % )                 ;
; Total DSP Blocks                ; 0 / 87 ( 0 % )                              ;
; Total HSSI RX PCSs              ; 0                                           ;
; Total HSSI PMA RX Deserializers ; 0                                           ;
; Total HSSI TX PCSs              ; 0                                           ;
; Total HSSI PMA TX Serializers   ; 0                                           ;
; Total PLLs                      ; 0 / 6 ( 0 % )                               ;
; Total DLLs                      ; 0 / 4 ( 0 % )                               ;
+---------------------------------+---------------------------------------------+


+--------------------------------------------------------------------------------------------------------------------------------------+
; Partition Merge Netlist Types Used                                                                                                   ;
+--------------------------------+----------------+--------------------------+------------------------+--------------------------------+
; Partition Name                 ; Partition Type ; Netlist Type Used        ; Netlist Type Requested ; Partition Contents             ;
+--------------------------------+----------------+--------------------------+------------------------+--------------------------------+
; Top                            ; User-created   ; Source File              ; Source File            ;                                ;
; sld_hub:auto_hub               ; Auto-generated ; Hybrid (Rapid Recompile) ; Post-Synthesis         ; sld_hub:auto_hub               ;
; sld_signaltap:Ship_Left        ; Auto-generated ; Hybrid (Rapid Recompile) ; Post-Synthesis         ; sld_signaltap:Ship_Left        ;
; hard_block:auto_generated_inst ; Auto-generated ; Source File              ; Source File            ; hard_block:auto_generated_inst ;
+--------------------------------+----------------+--------------------------+------------------------+--------------------------------+


+-------------------------------------------------------------------------------------------------------------------------------------------------------------------------------------------------------------------------------------------+
; Partition Merge Rapid Recompile Summary                                                                                                                                                                                                   ;
+--------------------------------+------------------------+--------------------------------+-------------------------------+----------------------------------------------------------------------------------------------------------------+
; Partition Name                 ; Rapid Recompile Status ; Netlist Preservation Requested ; Netlist Preservation Achieved ; Notes                                                                                                          ;
+--------------------------------+------------------------+--------------------------------+-------------------------------+----------------------------------------------------------------------------------------------------------------+
; Top                            ; Disengaged             ; 92.31% (216 / 234)             ; 0.00% (0 / 234)               ; Rapid Recompile disengaged: Design change is too large for Rapid Recompile, full compilation performed instead ;
; sld_hub:auto_hub               ; Engaged                ; 83.70% (231 / 276)             ; 82.25% (227 / 276)            ;                                                                                                                ;
; sld_signaltap:Ship_Left        ; Engaged                ; 89.01% (1004 / 1128)           ; 80.05% (903 / 1128)           ;                                                                                                                ;
; hard_block:auto_generated_inst ; Disengaged             ; n/a                            ; n/a                           ; Rapid Recompile disengaged: recompiling hard block partition because other partition(s) disengaged             ;
+--------------------------------+------------------------+--------------------------------+-------------------------------+----------------------------------------------------------------------------------------------------------------+


+---------------------------------------------------------------------------------------------------------------------------------------------------------------+
; Connections to In-System Debugging Instance "Ship_Left"                                                                                                       ;
+-------------------------------------+---------------+-----------+-------------------------+-------------------+-------------------------------------+---------+
; Name                                ; Type          ; Status    ; Partition Name          ; Netlist Type Used ; Actual Connection                   ; Details ;
+-------------------------------------+---------------+-----------+-------------------------+-------------------+-------------------------------------+---------+
; ClockDivider:cdiv|divided_clocks[8] ; pre-synthesis ; connected ; Top                     ; post-synthesis    ; ClockDivider:cdiv|divided_clocks[8] ; N/A     ;
; ContainsShip:interlocked|shipDocked ; pre-synthesis ; connected ; Top                     ; post-synthesis    ; ContainsShip:interlocked|ps[0]      ; N/A     ;
; SW[1]                               ; pre-synthesis ; connected ; Top                     ; post-synthesis    ; SW[1]                               ; N/A     ;
; SW[1]                               ; pre-synthesis ; connected ; Top                     ; post-synthesis    ; SW[1]                               ; N/A     ;
; SW[1]                               ; pre-synthesis ; connected ; Top                     ; post-synthesis    ; SW[1]                               ; N/A     ;
; Ship_Left|gnd                       ; post-fitting  ; connected ; sld_signaltap:Ship_Left ; post-synthesis    ; sld_signaltap:Ship_Left|~GND        ; N/A     ;
; Ship_Left|gnd                       ; post-fitting  ; connected ; sld_signaltap:Ship_Left ; post-synthesis    ; sld_signaltap:Ship_Left|~GND        ; N/A     ;
; Ship_Left|gnd                       ; post-fitting  ; connected ; sld_signaltap:Ship_Left ; post-synthesis    ; sld_signaltap:Ship_Left|~GND        ; N/A     ;
; Ship_Left|gnd                       ; post-fitting  ; connected ; sld_signaltap:Ship_Left ; post-synthesis    ; sld_signaltap:Ship_Left|~GND        ; N/A     ;
; Ship_Left|gnd                       ; post-fitting  ; connected ; sld_signaltap:Ship_Left ; post-synthesis    ; sld_signaltap:Ship_Left|~GND        ; N/A     ;
; Ship_Left|gnd                       ; post-fitting  ; connected ; sld_signaltap:Ship_Left ; post-synthesis    ; sld_signaltap:Ship_Left|~GND        ; N/A     ;
; Ship_Left|gnd                       ; post-fitting  ; connected ; sld_signaltap:Ship_Left ; post-synthesis    ; sld_signaltap:Ship_Left|~GND        ; N/A     ;
; Ship_Left|gnd                       ; post-fitting  ; connected ; sld_signaltap:Ship_Left ; post-synthesis    ; sld_signaltap:Ship_Left|~GND        ; N/A     ;
; Ship_Left|gnd                       ; post-fitting  ; connected ; sld_signaltap:Ship_Left ; post-synthesis    ; sld_signaltap:Ship_Left|~GND        ; N/A     ;
; Ship_Left|gnd                       ; post-fitting  ; connected ; sld_signaltap:Ship_Left ; post-synthesis    ; sld_signaltap:Ship_Left|~GND        ; N/A     ;
; Ship_Left|gnd                       ; post-fitting  ; connected ; sld_signaltap:Ship_Left ; post-synthesis    ; sld_signaltap:Ship_Left|~GND        ; N/A     ;
; Ship_Left|gnd                       ; post-fitting  ; connected ; sld_signaltap:Ship_Left ; post-synthesis    ; sld_signaltap:Ship_Left|~GND        ; N/A     ;
; Ship_Left|gnd                       ; post-fitting  ; connected ; sld_signaltap:Ship_Left ; post-synthesis    ; sld_signaltap:Ship_Left|~GND        ; N/A     ;
; Ship_Left|gnd                       ; post-fitting  ; connected ; sld_signaltap:Ship_Left ; post-synthesis    ; sld_signaltap:Ship_Left|~GND        ; N/A     ;
; Ship_Left|gnd                       ; post-fitting  ; connected ; sld_signaltap:Ship_Left ; post-synthesis    ; sld_signaltap:Ship_Left|~GND        ; N/A     ;
; Ship_Left|vcc                       ; post-fitting  ; connected ; sld_signaltap:Ship_Left ; post-synthesis    ; sld_signaltap:Ship_Left|~VCC        ; N/A     ;
; Ship_Left|vcc                       ; post-fitting  ; connected ; sld_signaltap:Ship_Left ; post-synthesis    ; sld_signaltap:Ship_Left|~VCC        ; N/A     ;
; Ship_Left|vcc                       ; post-fitting  ; connected ; sld_signaltap:Ship_Left ; post-synthesis    ; sld_signaltap:Ship_Left|~VCC        ; N/A     ;
; Ship_Left|vcc                       ; post-fitting  ; connected ; sld_signaltap:Ship_Left ; post-synthesis    ; sld_signaltap:Ship_Left|~VCC        ; N/A     ;
; Ship_Left|vcc                       ; post-fitting  ; connected ; sld_signaltap:Ship_Left ; post-synthesis    ; sld_signaltap:Ship_Left|~VCC        ; N/A     ;
; Ship_Left|vcc                       ; post-fitting  ; connected ; sld_signaltap:Ship_Left ; post-synthesis    ; sld_signaltap:Ship_Left|~VCC        ; N/A     ;
; Ship_Left|vcc                       ; post-fitting  ; connected ; sld_signaltap:Ship_Left ; post-synthesis    ; sld_signaltap:Ship_Left|~VCC        ; N/A     ;
; Ship_Left|vcc                       ; post-fitting  ; connected ; sld_signaltap:Ship_Left ; post-synthesis    ; sld_signaltap:Ship_Left|~VCC        ; N/A     ;
; Ship_Left|vcc                       ; post-fitting  ; connected ; sld_signaltap:Ship_Left ; post-synthesis    ; sld_signaltap:Ship_Left|~VCC        ; N/A     ;
; Ship_Left|vcc                       ; post-fitting  ; connected ; sld_signaltap:Ship_Left ; post-synthesis    ; sld_signaltap:Ship_Left|~VCC        ; N/A     ;
; Ship_Left|vcc                       ; post-fitting  ; connected ; sld_signaltap:Ship_Left ; post-synthesis    ; sld_signaltap:Ship_Left|~VCC        ; N/A     ;
; Ship_Left|vcc                       ; post-fitting  ; connected ; sld_signaltap:Ship_Left ; post-synthesis    ; sld_signaltap:Ship_Left|~VCC        ; N/A     ;
; Ship_Left|vcc                       ; post-fitting  ; connected ; sld_signaltap:Ship_Left ; post-synthesis    ; sld_signaltap:Ship_Left|~VCC        ; N/A     ;
; Ship_Left|vcc                       ; post-fitting  ; connected ; sld_signaltap:Ship_Left ; post-synthesis    ; sld_signaltap:Ship_Left|~VCC        ; N/A     ;
; Ship_Left|vcc                       ; post-fitting  ; connected ; sld_signaltap:Ship_Left ; post-synthesis    ; sld_signaltap:Ship_Left|~VCC        ; N/A     ;
; Ship_Left|vcc                       ; post-fitting  ; connected ; sld_signaltap:Ship_Left ; post-synthesis    ; sld_signaltap:Ship_Left|~VCC        ; N/A     ;
; Ship_Left|vcc                       ; post-fitting  ; connected ; sld_signaltap:Ship_Left ; post-synthesis    ; sld_signaltap:Ship_Left|~VCC        ; N/A     ;
+-------------------------------------+---------------+-----------+-------------------------+-------------------+-------------------------------------+---------+


+----------------------------------------------------------------------------------------+
; Partition Merge Partition Pin Processing                                               ;
+-----------------------------------+-----------+---------------+----------+-------------+
; Name                              ; Partition ; Type          ; Location ; Status      ;
+-----------------------------------+-----------+---------------+----------+-------------+
; CLOCK_50                          ; Top       ; Input Port    ; n/a      ;             ;
;     -- CLOCK_50                   ; Top       ; Input Pad     ; Unplaced ; Synthesized ;
;     -- CLOCK_50~input             ; Top       ; Input Buffer  ; Unplaced ; Synthesized ;
;                                   ;           ;               ;          ;             ;
; HEX0[0]                           ; Top       ; Output Port   ; n/a      ;             ;
;     -- HEX0[0]                    ; Top       ; Output Pad    ; Unplaced ; Synthesized ;
;     -- HEX0[0]~output             ; Top       ; Output Buffer ; Unplaced ; Synthesized ;
;                                   ;           ;               ;          ;             ;
; HEX0[1]                           ; Top       ; Output Port   ; n/a      ;             ;
;     -- HEX0[1]                    ; Top       ; Output Pad    ; Unplaced ; Synthesized ;
;     -- HEX0[1]~output             ; Top       ; Output Buffer ; Unplaced ; Synthesized ;
;                                   ;           ;               ;          ;             ;
; HEX0[2]                           ; Top       ; Output Port   ; n/a      ;             ;
;     -- HEX0[2]                    ; Top       ; Output Pad    ; Unplaced ; Synthesized ;
;     -- HEX0[2]~output             ; Top       ; Output Buffer ; Unplaced ; Synthesized ;
;                                   ;           ;               ;          ;             ;
; HEX0[3]                           ; Top       ; Output Port   ; n/a      ;             ;
;     -- HEX0[3]                    ; Top       ; Output Pad    ; Unplaced ; Synthesized ;
;     -- HEX0[3]~output             ; Top       ; Output Buffer ; Unplaced ; Synthesized ;
;                                   ;           ;               ;          ;             ;
; HEX0[4]                           ; Top       ; Output Port   ; n/a      ;             ;
;     -- HEX0[4]                    ; Top       ; Output Pad    ; Unplaced ; Synthesized ;
;     -- HEX0[4]~output             ; Top       ; Output Buffer ; Unplaced ; Synthesized ;
;                                   ;           ;               ;          ;             ;
; HEX0[5]                           ; Top       ; Output Port   ; n/a      ;             ;
;     -- HEX0[5]                    ; Top       ; Output Pad    ; Unplaced ; Synthesized ;
;     -- HEX0[5]~output             ; Top       ; Output Buffer ; Unplaced ; Synthesized ;
;                                   ;           ;               ;          ;             ;
; HEX0[6]                           ; Top       ; Output Port   ; n/a      ;             ;
;     -- HEX0[6]                    ; Top       ; Output Pad    ; Unplaced ; Synthesized ;
;     -- HEX0[6]~output             ; Top       ; Output Buffer ; Unplaced ; Synthesized ;
;                                   ;           ;               ;          ;             ;
; HEX1[0]                           ; Top       ; Output Port   ; n/a      ;             ;
;     -- HEX1[0]                    ; Top       ; Output Pad    ; Unplaced ; Synthesized ;
;     -- HEX1[0]~output             ; Top       ; Output Buffer ; Unplaced ; Synthesized ;
;                                   ;           ;               ;          ;             ;
; HEX1[1]                           ; Top       ; Output Port   ; n/a      ;             ;
;     -- HEX1[1]                    ; Top       ; Output Pad    ; Unplaced ; Synthesized ;
;     -- HEX1[1]~output             ; Top       ; Output Buffer ; Unplaced ; Synthesized ;
;                                   ;           ;               ;          ;             ;
; HEX1[2]                           ; Top       ; Output Port   ; n/a      ;             ;
;     -- HEX1[2]                    ; Top       ; Output Pad    ; Unplaced ; Synthesized ;
;     -- HEX1[2]~output             ; Top       ; Output Buffer ; Unplaced ; Synthesized ;
;                                   ;           ;               ;          ;             ;
; HEX1[3]                           ; Top       ; Output Port   ; n/a      ;             ;
;     -- HEX1[3]                    ; Top       ; Output Pad    ; Unplaced ; Synthesized ;
;     -- HEX1[3]~output             ; Top       ; Output Buffer ; Unplaced ; Synthesized ;
;                                   ;           ;               ;          ;             ;
; HEX1[4]                           ; Top       ; Output Port   ; n/a      ;             ;
;     -- HEX1[4]                    ; Top       ; Output Pad    ; Unplaced ; Synthesized ;
;     -- HEX1[4]~output             ; Top       ; Output Buffer ; Unplaced ; Synthesized ;
;                                   ;           ;               ;          ;             ;
; HEX1[5]                           ; Top       ; Output Port   ; n/a      ;             ;
;     -- HEX1[5]                    ; Top       ; Output Pad    ; Unplaced ; Synthesized ;
;     -- HEX1[5]~output             ; Top       ; Output Buffer ; Unplaced ; Synthesized ;
;                                   ;           ;               ;          ;             ;
; HEX1[6]                           ; Top       ; Output Port   ; n/a      ;             ;
;     -- HEX1[6]                    ; Top       ; Output Pad    ; Unplaced ; Synthesized ;
;     -- HEX1[6]~output             ; Top       ; Output Buffer ; Unplaced ; Synthesized ;
;                                   ;           ;               ;          ;             ;
; HEX2[0]                           ; Top       ; Output Port   ; n/a      ;             ;
;     -- HEX2[0]                    ; Top       ; Output Pad    ; Unplaced ; Synthesized ;
;     -- HEX2[0]~output             ; Top       ; Output Buffer ; Unplaced ; Synthesized ;
;                                   ;           ;               ;          ;             ;
; HEX2[1]                           ; Top       ; Output Port   ; n/a      ;             ;
;     -- HEX2[1]                    ; Top       ; Output Pad    ; Unplaced ; Synthesized ;
;     -- HEX2[1]~output             ; Top       ; Output Buffer ; Unplaced ; Synthesized ;
;                                   ;           ;               ;          ;             ;
; HEX2[2]                           ; Top       ; Output Port   ; n/a      ;             ;
;     -- HEX2[2]                    ; Top       ; Output Pad    ; Unplaced ; Synthesized ;
;     -- HEX2[2]~output             ; Top       ; Output Buffer ; Unplaced ; Synthesized ;
;                                   ;           ;               ;          ;             ;
; HEX2[3]                           ; Top       ; Output Port   ; n/a      ;             ;
;     -- HEX2[3]                    ; Top       ; Output Pad    ; Unplaced ; Synthesized ;
;     -- HEX2[3]~output             ; Top       ; Output Buffer ; Unplaced ; Synthesized ;
;                                   ;           ;               ;          ;             ;
; HEX2[4]                           ; Top       ; Output Port   ; n/a      ;             ;
;     -- HEX2[4]                    ; Top       ; Output Pad    ; Unplaced ; Synthesized ;
;     -- HEX2[4]~output             ; Top       ; Output Buffer ; Unplaced ; Synthesized ;
;                                   ;           ;               ;          ;             ;
; HEX2[5]                           ; Top       ; Output Port   ; n/a      ;             ;
;     -- HEX2[5]                    ; Top       ; Output Pad    ; Unplaced ; Synthesized ;
;     -- HEX2[5]~output             ; Top       ; Output Buffer ; Unplaced ; Synthesized ;
;                                   ;           ;               ;          ;             ;
; HEX2[6]                           ; Top       ; Output Port   ; n/a      ;             ;
;     -- HEX2[6]                    ; Top       ; Output Pad    ; Unplaced ; Synthesized ;
;     -- HEX2[6]~output             ; Top       ; Output Buffer ; Unplaced ; Synthesized ;
;                                   ;           ;               ;          ;             ;
; HEX3[0]                           ; Top       ; Output Port   ; n/a      ;             ;
;     -- HEX3[0]                    ; Top       ; Output Pad    ; Unplaced ; Synthesized ;
;     -- HEX3[0]~output             ; Top       ; Output Buffer ; Unplaced ; Synthesized ;
;                                   ;           ;               ;          ;             ;
; HEX3[1]                           ; Top       ; Output Port   ; n/a      ;             ;
;     -- HEX3[1]                    ; Top       ; Output Pad    ; Unplaced ; Synthesized ;
;     -- HEX3[1]~output             ; Top       ; Output Buffer ; Unplaced ; Synthesized ;
;                                   ;           ;               ;          ;             ;
; HEX3[2]                           ; Top       ; Output Port   ; n/a      ;             ;
;     -- HEX3[2]                    ; Top       ; Output Pad    ; Unplaced ; Synthesized ;
;     -- HEX3[2]~output             ; Top       ; Output Buffer ; Unplaced ; Synthesized ;
;                                   ;           ;               ;          ;             ;
; HEX3[3]                           ; Top       ; Output Port   ; n/a      ;             ;
;     -- HEX3[3]                    ; Top       ; Output Pad    ; Unplaced ; Synthesized ;
;     -- HEX3[3]~output             ; Top       ; Output Buffer ; Unplaced ; Synthesized ;
;                                   ;           ;               ;          ;             ;
; HEX3[4]                           ; Top       ; Output Port   ; n/a      ;             ;
;     -- HEX3[4]                    ; Top       ; Output Pad    ; Unplaced ; Synthesized ;
;     -- HEX3[4]~output             ; Top       ; Output Buffer ; Unplaced ; Synthesized ;
;                                   ;           ;               ;          ;             ;
; HEX3[5]                           ; Top       ; Output Port   ; n/a      ;             ;
;     -- HEX3[5]                    ; Top       ; Output Pad    ; Unplaced ; Synthesized ;
;     -- HEX3[5]~output             ; Top       ; Output Buffer ; Unplaced ; Synthesized ;
;                                   ;           ;               ;          ;             ;
; HEX3[6]                           ; Top       ; Output Port   ; n/a      ;             ;
;     -- HEX3[6]                    ; Top       ; Output Pad    ; Unplaced ; Synthesized ;
;     -- HEX3[6]~output             ; Top       ; Output Buffer ; Unplaced ; Synthesized ;
;                                   ;           ;               ;          ;             ;
; HEX4[0]                           ; Top       ; Output Port   ; n/a      ;             ;
;     -- HEX4[0]                    ; Top       ; Output Pad    ; Unplaced ; Synthesized ;
;     -- HEX4[0]~output             ; Top       ; Output Buffer ; Unplaced ; Synthesized ;
;                                   ;           ;               ;          ;             ;
; HEX4[1]                           ; Top       ; Output Port   ; n/a      ;             ;
;     -- HEX4[1]                    ; Top       ; Output Pad    ; Unplaced ; Synthesized ;
;     -- HEX4[1]~output             ; Top       ; Output Buffer ; Unplaced ; Synthesized ;
;                                   ;           ;               ;          ;             ;
; HEX4[2]                           ; Top       ; Output Port   ; n/a      ;             ;
;     -- HEX4[2]                    ; Top       ; Output Pad    ; Unplaced ; Synthesized ;
;     -- HEX4[2]~output             ; Top       ; Output Buffer ; Unplaced ; Synthesized ;
;                                   ;           ;               ;          ;             ;
; HEX4[3]                           ; Top       ; Output Port   ; n/a      ;             ;
;     -- HEX4[3]                    ; Top       ; Output Pad    ; Unplaced ; Synthesized ;
;     -- HEX4[3]~output             ; Top       ; Output Buffer ; Unplaced ; Synthesized ;
;                                   ;           ;               ;          ;             ;
; HEX4[4]                           ; Top       ; Output Port   ; n/a      ;             ;
;     -- HEX4[4]                    ; Top       ; Output Pad    ; Unplaced ; Synthesized ;
;     -- HEX4[4]~output             ; Top       ; Output Buffer ; Unplaced ; Synthesized ;
;                                   ;           ;               ;          ;             ;
; HEX4[5]                           ; Top       ; Output Port   ; n/a      ;             ;
;     -- HEX4[5]                    ; Top       ; Output Pad    ; Unplaced ; Synthesized ;
;     -- HEX4[5]~output             ; Top       ; Output Buffer ; Unplaced ; Synthesized ;
;                                   ;           ;               ;          ;             ;
; HEX4[6]                           ; Top       ; Output Port   ; n/a      ;             ;
;     -- HEX4[6]                    ; Top       ; Output Pad    ; Unplaced ; Synthesized ;
;     -- HEX4[6]~output             ; Top       ; Output Buffer ; Unplaced ; Synthesized ;
;                                   ;           ;               ;          ;             ;
; HEX5[0]                           ; Top       ; Output Port   ; n/a      ;             ;
;     -- HEX5[0]                    ; Top       ; Output Pad    ; Unplaced ; Synthesized ;
;     -- HEX5[0]~output             ; Top       ; Output Buffer ; Unplaced ; Synthesized ;
;                                   ;           ;               ;          ;             ;
; HEX5[1]                           ; Top       ; Output Port   ; n/a      ;             ;
;     -- HEX5[1]                    ; Top       ; Output Pad    ; Unplaced ; Synthesized ;
;     -- HEX5[1]~output             ; Top       ; Output Buffer ; Unplaced ; Synthesized ;
;                                   ;           ;               ;          ;             ;
; HEX5[2]                           ; Top       ; Output Port   ; n/a      ;             ;
;     -- HEX5[2]                    ; Top       ; Output Pad    ; Unplaced ; Synthesized ;
;     -- HEX5[2]~output             ; Top       ; Output Buffer ; Unplaced ; Synthesized ;
;                                   ;           ;               ;          ;             ;
; HEX5[3]                           ; Top       ; Output Port   ; n/a      ;             ;
;     -- HEX5[3]                    ; Top       ; Output Pad    ; Unplaced ; Synthesized ;
;     -- HEX5[3]~output             ; Top       ; Output Buffer ; Unplaced ; Synthesized ;
;                                   ;           ;               ;          ;             ;
; HEX5[4]                           ; Top       ; Output Port   ; n/a      ;             ;
;     -- HEX5[4]                    ; Top       ; Output Pad    ; Unplaced ; Synthesized ;
;     -- HEX5[4]~output             ; Top       ; Output Buffer ; Unplaced ; Synthesized ;
;                                   ;           ;               ;          ;             ;
; HEX5[5]                           ; Top       ; Output Port   ; n/a      ;             ;
;     -- HEX5[5]                    ; Top       ; Output Pad    ; Unplaced ; Synthesized ;
;     -- HEX5[5]~output             ; Top       ; Output Buffer ; Unplaced ; Synthesized ;
;                                   ;           ;               ;          ;             ;
; HEX5[6]                           ; Top       ; Output Port   ; n/a      ;             ;
;     -- HEX5[6]                    ; Top       ; Output Pad    ; Unplaced ; Synthesized ;
;     -- HEX5[6]~output             ; Top       ; Output Buffer ; Unplaced ; Synthesized ;
;                                   ;           ;               ;          ;             ;
; KEY[0]                            ; Top       ; Input Port    ; n/a      ;             ;
;     -- KEY[0]                     ; Top       ; Input Pad     ; Unplaced ; Synthesized ;
;     -- KEY[0]~input               ; Top       ; Input Buffer  ; Unplaced ; Synthesized ;
;                                   ;           ;               ;          ;             ;
; KEY[1]                            ; Top       ; Input Port    ; n/a      ;             ;
;     -- KEY[1]                     ; Top       ; Input Pad     ; Unplaced ; Synthesized ;
;     -- KEY[1]~input               ; Top       ; Input Buffer  ; Unplaced ; Synthesized ;
;                                   ;           ;               ;          ;             ;
; KEY[2]                            ; Top       ; Input Port    ; n/a      ;             ;
;     -- KEY[2]                     ; Top       ; Input Pad     ; Unplaced ; Synthesized ;
;     -- KEY[2]~input               ; Top       ; Input Buffer  ; Unplaced ; Synthesized ;
;                                   ;           ;               ;          ;             ;
; KEY[3]                            ; Top       ; Input Port    ; n/a      ;             ;
;     -- KEY[3]                     ; Top       ; Input Pad     ; Unplaced ; Synthesized ;
;     -- KEY[3]~input               ; Top       ; Input Buffer  ; Unplaced ; Synthesized ;
;                                   ;           ;               ;          ;             ;
; LEDR[0]                           ; Top       ; Output Port   ; n/a      ;             ;
;     -- LEDR[0]                    ; Top       ; Output Pad    ; Unplaced ; Synthesized ;
;     -- LEDR[0]~output             ; Top       ; Output Buffer ; Unplaced ; Synthesized ;
;                                   ;           ;               ;          ;             ;
; LEDR[1]                           ; Top       ; Output Port   ; n/a      ;             ;
;     -- LEDR[1]                    ; Top       ; Output Pad    ; Unplaced ; Synthesized ;
;     -- LEDR[1]~output             ; Top       ; Output Buffer ; Unplaced ; Synthesized ;
;                                   ;           ;               ;          ;             ;
; LEDR[2]                           ; Top       ; Output Port   ; n/a      ;             ;
;     -- LEDR[2]                    ; Top       ; Output Pad    ; Unplaced ; Synthesized ;
;     -- LEDR[2]~output             ; Top       ; Output Buffer ; Unplaced ; Synthesized ;
;                                   ;           ;               ;          ;             ;
; LEDR[3]                           ; Top       ; Output Port   ; n/a      ;             ;
;     -- LEDR[3]                    ; Top       ; Output Pad    ; Unplaced ; Synthesized ;
;     -- LEDR[3]~output             ; Top       ; Output Buffer ; Unplaced ; Synthesized ;
;                                   ;           ;               ;          ;             ;
; LEDR[4]                           ; Top       ; Output Port   ; n/a      ;             ;
;     -- LEDR[4]                    ; Top       ; Output Pad    ; Unplaced ; Synthesized ;
;     -- LEDR[4]~output             ; Top       ; Output Buffer ; Unplaced ; Synthesized ;
;                                   ;           ;               ;          ;             ;
; LEDR[5]                           ; Top       ; Output Port   ; n/a      ;             ;
;     -- LEDR[5]                    ; Top       ; Output Pad    ; Unplaced ; Synthesized ;
;     -- LEDR[5]~output             ; Top       ; Output Buffer ; Unplaced ; Synthesized ;
;                                   ;           ;               ;          ;             ;
; LEDR[6]                           ; Top       ; Output Port   ; n/a      ;             ;
;     -- LEDR[6]                    ; Top       ; Output Pad    ; Unplaced ; Synthesized ;
;     -- LEDR[6]~output             ; Top       ; Output Buffer ; Unplaced ; Synthesized ;
;                                   ;           ;               ;          ;             ;
; LEDR[7]                           ; Top       ; Output Port   ; n/a      ;             ;
;     -- LEDR[7]                    ; Top       ; Output Pad    ; Unplaced ; Synthesized ;
;     -- LEDR[7]~output             ; Top       ; Output Buffer ; Unplaced ; Synthesized ;
;                                   ;           ;               ;          ;             ;
; LEDR[8]                           ; Top       ; Output Port   ; n/a      ;             ;
;     -- LEDR[8]                    ; Top       ; Output Pad    ; Unplaced ; Synthesized ;
;     -- LEDR[8]~output             ; Top       ; Output Buffer ; Unplaced ; Synthesized ;
;                                   ;           ;               ;          ;             ;
; LEDR[9]                           ; Top       ; Output Port   ; n/a      ;             ;
;     -- LEDR[9]                    ; Top       ; Output Pad    ; Unplaced ; Synthesized ;
;     -- LEDR[9]~output             ; Top       ; Output Buffer ; Unplaced ; Synthesized ;
;                                   ;           ;               ;          ;             ;
; SW[0]                             ; Top       ; Input Port    ; n/a      ;             ;
;     -- SW[0]                      ; Top       ; Input Pad     ; Unplaced ; Synthesized ;
;     -- SW[0]~input                ; Top       ; Input Buffer  ; Unplaced ; Synthesized ;
;                                   ;           ;               ;          ;             ;
; SW[1]                             ; Top       ; Input Port    ; n/a      ;             ;
;     -- SW[1]                      ; Top       ; Input Pad     ; Unplaced ; Synthesized ;
;     -- SW[1]~input                ; Top       ; Input Buffer  ; Unplaced ; Synthesized ;
;                                   ;           ;               ;          ;             ;
; SW[2]                             ; Top       ; Input Port    ; n/a      ;             ;
;     -- SW[2]                      ; Top       ; Input Pad     ; Unplaced ; Synthesized ;
;     -- SW[2]~input                ; Top       ; Input Buffer  ; Unplaced ; Synthesized ;
;                                   ;           ;               ;          ;             ;
; SW[3]                             ; Top       ; Input Port    ; n/a      ;             ;
;     -- SW[3]                      ; Top       ; Input Pad     ; Unplaced ; Synthesized ;
;     -- SW[3]~input                ; Top       ; Input Buffer  ; Unplaced ; Synthesized ;
;                                   ;           ;               ;          ;             ;
; SW[4]                             ; Top       ; Input Port    ; n/a      ;             ;
;     -- SW[4]                      ; Top       ; Input Pad     ; Unplaced ; Synthesized ;
;     -- SW[4]~input                ; Top       ; Input Buffer  ; Unplaced ; Synthesized ;
;                                   ;           ;               ;          ;             ;
; SW[5]                             ; Top       ; Input Port    ; n/a      ;             ;
;     -- SW[5]                      ; Top       ; Input Pad     ; Unplaced ; Synthesized ;
;     -- SW[5]~input                ; Top       ; Input Buffer  ; Unplaced ; Synthesized ;
;                                   ;           ;               ;          ;             ;
; SW[6]                             ; Top       ; Input Port    ; n/a      ;             ;
;     -- SW[6]                      ; Top       ; Input Pad     ; Unplaced ; Synthesized ;
;     -- SW[6]~input                ; Top       ; Input Buffer  ; Unplaced ; Synthesized ;
;                                   ;           ;               ;          ;             ;
; SW[7]                             ; Top       ; Input Port    ; n/a      ;             ;
;     -- SW[7]                      ; Top       ; Input Pad     ; Unplaced ; Synthesized ;
;     -- SW[7]~input                ; Top       ; Input Buffer  ; Unplaced ; Synthesized ;
;                                   ;           ;               ;          ;             ;
; SW[8]                             ; Top       ; Input Port    ; n/a      ;             ;
;     -- SW[8]                      ; Top       ; Input Pad     ; Unplaced ; Synthesized ;
;     -- SW[8]~input                ; Top       ; Input Buffer  ; Unplaced ; Synthesized ;
;                                   ;           ;               ;          ;             ;
; SW[9]                             ; Top       ; Input Port    ; n/a      ;             ;
;     -- SW[9]                      ; Top       ; Input Pad     ; Unplaced ; Synthesized ;
;     -- SW[9]~input                ; Top       ; Input Buffer  ; Unplaced ; Synthesized ;
;                                   ;           ;               ;          ;             ;
; altera_reserved_tck               ; Top       ; Input Port    ; n/a      ;             ;
;     -- altera_reserved_tck        ; Top       ; Input Pad     ; Unplaced ; Synthesized ;
;     -- altera_reserved_tck~input  ; Top       ; Input Buffer  ; Unplaced ; Synthesized ;
;                                   ;           ;               ;          ;             ;
; altera_reserved_tdi               ; Top       ; Input Port    ; n/a      ;             ;
;     -- altera_reserved_tdi        ; Top       ; Input Pad     ; Unplaced ; Synthesized ;
;     -- altera_reserved_tdi~input  ; Top       ; Input Buffer  ; Unplaced ; Synthesized ;
;                                   ;           ;               ;          ;             ;
; altera_reserved_tdo               ; Top       ; Output Port   ; n/a      ;             ;
;     -- altera_reserved_tdo        ; Top       ; Output Pad    ; Unplaced ; Synthesized ;
;     -- altera_reserved_tdo~output ; Top       ; Output Buffer ; Unplaced ; Synthesized ;
;                                   ;           ;               ;          ;             ;
; altera_reserved_tms               ; Top       ; Input Port    ; n/a      ;             ;
;     -- altera_reserved_tms        ; Top       ; Input Pad     ; Unplaced ; Synthesized ;
;     -- altera_reserved_tms~input  ; Top       ; Input Buffer  ; Unplaced ; Synthesized ;
;                                   ;           ;               ;          ;             ;
; pre_syn.bp.cdiv_divided_clocks_8_ ; Top       ; Output Port   ; n/a      ;             ;
;                                   ;           ;               ;          ;             ;
; pre_syn.bp.interlocked_shipDocked ; Top       ; Output Port   ; n/a      ;             ;
;                                   ;           ;               ;          ;             ;
+-----------------------------------+-----------+---------------+----------+-------------+


+------------------------------------------------------------------------+
; Partition Merge Resource Usage Summary                                 ;
+---------------------------------------------+--------------------------+
; Resource                                    ; Usage                    ;
+---------------------------------------------+--------------------------+
; Estimate of Logic utilization (ALMs needed) ; 507                      ;
;                                             ;                          ;
; Combinational ALUT usage for logic          ; 490                      ;
;     -- 7 input functions                    ; 5                        ;
;     -- 6 input functions                    ; 96                       ;
;     -- 5 input functions                    ; 93                       ;
;     -- 4 input functions                    ; 54                       ;
;     -- <=3 input functions                  ; 242                      ;
;                                             ;                          ;
; Dedicated logic registers                   ; 629                      ;
;                                             ;                          ;
; I/O pins                                    ; 67                       ;
; Total MLAB memory bits                      ; 0                        ;
; Total block memory bits                     ; 262144                   ;
; Total DSP Blocks                            ; 0                        ;
; Maximum fan-out node                        ; altera_internal_jtag~TDO ;
; Maximum fan-out                             ; 412                      ;
; Total fan-out                               ; 5508                     ;
; Average fan-out                             ; 3.54                     ;
+---------------------------------------------+--------------------------+


+------------------------------------------------------------------------------------------------------------------------------------------------------------------------------------------------------------------------------------------------------------------------------------------------------+
; Partition Merge RAM Summary                                                                                                                                                                                                                                                                          ;
+------------------------------------------------------------------------------------------------------------------------------------------------------------------------------------------------+------+------------------+--------------+--------------+--------------+--------------+--------+------+
; Name                                                                                                                                                                                           ; Type ; Mode             ; Port A Depth ; Port A Width ; Port B Depth ; Port B Width ; Size   ; MIF  ;
+------------------------------------------------------------------------------------------------------------------------------------------------------------------------------------------------+------+------------------+--------------+--------------+--------------+--------------+--------+------+
; sld_signaltap:Ship_Left|sld_signaltap_impl:sld_signaltap_body|sld_signaltap_implb:sld_signaltap_body|altsyncram:\stp_non_zero_ram_gen:stp_buffer_ram|altsyncram_m484:auto_generated|ALTSYNCRAM ; AUTO ; Simple Dual Port ; 131072       ; 2            ; 131072       ; 2            ; 262144 ; None ;
+------------------------------------------------------------------------------------------------------------------------------------------------------------------------------------------------+------+------------------+--------------+--------------+--------------+--------------+--------+------+


+--------------------------+
; Partition Merge Messages ;
+--------------------------+
Info: *******************************************************************
Info: Running Quartus II 64-Bit Partition Merge
    Info: Version 14.0.0 Build 200 06/17/2014 SJ Full Version
    Info: Processing started: Sun Apr 26 22:07:44 2015
Info: Command: quartus_cdb --read_settings_files=on --write_settings_files=off DE1_SoC -c DE1_SoC --merge=on --recompile=on
Info (35007): Using synthesis netlist for partition "Top"
Info (12849): Using Hybrid (Rapid Recompile) netlist for partition "sld_hub:auto_hub"
Info (12849): Using Hybrid (Rapid Recompile) netlist for partition "sld_signaltap:Ship_Left"
Info (35024): Succesfully connected in-system debug instance "Ship_Left" to all 37 required data inputs, trigger inputs, acquisition clocks, and dynamic pins
Info (35002): Resolved and merged 3 partition(s)
Info (16010): Generating hard_block partition "hard_block:auto_generated_inst"
    Info (16011): Adding 9 node(s), including 0 DDIO, 0 PLL, 0 transceiver and 0 LCELL
Info (21057): Implemented 1083 device resources after synthesis - the final resource count might be different
    Info (21058): Implemented 18 input pins
    Info (21059): Implemented 53 output pins
    Info (21061): Implemented 979 logic cells
    Info (21064): Implemented 32 RAM segments
Warning (20013): Ignored assignments for entity "altsyncram_k484" -- entity does not exist in design
    Warning (20014): Assignment for entity set_global_assignment -name OPTIMIZE_POWER_DURING_SYNTHESIS NORMAL_COMPILATION -entity altsyncram_k484 -tag quartusii was ignored
Info: Quartus II 64-Bit Partition Merge was successful. 0 errors, 2 warnings
    Info: Peak virtual memory: 743 megabytes
    Info: Processing ended: Sun Apr 26 22:07:48 2015
    Info: Elapsed time: 00:00:04
    Info: Total CPU time (on all processors): 00:00:04


