
**** Build of configuration Nios II for project count_binary3 ****

make all 
      0 [main] sh 6580 find_fast_cwd: WARNING: Couldn't compute FAST_CWD pointer.  Please report this problem to
the public mailing list cygwin@cygwin.com
      0 [main] sh 3320 find_fast_cwd: WARNING: Couldn't compute FAST_CWD pointer.  Please report this problem to
the public mailing list cygwin@cygwin.com
      0 [main] echo 6424 find_fast_cwd: WARNING: Couldn't compute FAST_CWD pointer.  Please report this problem to
Info: Building ../count_binary3_bsp/
the public mailing list cygwin@cygwin.com
make --no-print-directory -C ../count_binary3_bsp/
      0 [main] pwd 5908 find_fast_cwd: WARNING: Couldn't compute FAST_CWD pointer.  Please report this problem to
the public mailing list cygwin@cygwin.com
      0 [main] sh 3332 find_fast_cwd: WARNING: Couldn't compute FAST_CWD pointer.  Please report this problem to
the public mailing list cygwin@cygwin.com
      0 [main] sh 2988 find_fast_cwd: WARNING: Couldn't compute FAST_CWD pointer.  Please report this problem to
the public mailing list cygwin@cygwin.com
[BSP build complete]
      0 [main] true 2584 find_fast_cwd: WARNING: Couldn't compute FAST_CWD pointer.  Please report this problem to
the public mailing list cygwin@cygwin.com
      0 [main] echo 2960 find_fast_cwd: WARNING: Couldn't compute FAST_CWD pointer.  Please report this problem to
Info: Linking count_binary3.elf
the public mailing list cygwin@cygwin.com
nios2-elf-g++  -T'../count_binary3_bsp//linker.x' -msys-crt0='../count_binary3_bsp//obj/HAL/src/crt0.o' -msys-lib=hal_bsp -L../count_binary3_bsp/  -msmallc  -Wl,-Map=count_binary3.map   -O0 -g -Wall   -mno-hw-div -mno-hw-mul -mno-hw-mulx  -o count_binary3.elf obj/default/count_binary.o -lm 
c:/altera/14.0/nios2eds/bin/gnu/h-x86_64-mingw32/bin/../lib/gcc/nios2-elf/4.7.3/../../../../../H-x86_64-mingw32/nios2-elf/bin/ld.exe: count_binary3.elf section `.text' will not fit in region `onchip_memory'
c:/altera/14.0/nios2eds/bin/gnu/h-x86_64-mingw32/bin/../lib/gcc/nios2-elf/4.7.3/../../../../../H-x86_64-mingw32/nios2-elf/bin/ld.exe: address 0x36b0 of count_binary3.elf section `.rwdata' is not within region `onchip_memory'
c:/altera/14.0/nios2eds/bin/gnu/h-x86_64-mingw32/bin/../lib/gcc/nios2-elf/4.7.3/../../../../../H-x86_64-mingw32/nios2-elf/bin/ld.exe: address 0x399c of count_binary3.elf section `.bss' is not within region `onchip_memory'
c:/altera/14.0/nios2eds/bin/gnu/h-x86_64-mingw32/bin/../lib/gcc/nios2-elf/4.7.3/../../../../../H-x86_64-mingw32/nios2-elf/bin/ld.exe: address 0x36b0 of count_binary3.elf section `.rwdata' is not within region `onchip_memory'
c:/altera/14.0/nios2eds/bin/gnu/h-x86_64-mingw32/bin/../lib/gcc/nios2-elf/4.7.3/../../../../../H-x86_64-mingw32/nios2-elf/bin/ld.exe: address 0x399c of count_binary3.elf section `.bss' is not within region `onchip_memory'
c:/altera/14.0/nios2eds/bin/gnu/h-x86_64-mingw32/bin/../lib/gcc/nios2-elf/4.7.3/../../../../../H-x86_64-mingw32/nios2-elf/bin/ld.exe: region `onchip_memory' overflowed by 6556 bytes
collect2.exe: error: ld returned 1 exit status
make: *** [count_binary3.elf] Error 1

**** Build Finished ****
