
**** Build of configuration Nios II for project count_binary4 ****

make all 
      1 [main] sh 8720 find_fast_cwd: WARNING: Couldn't compute FAST_CWD pointer.  Please report this problem to
the public mailing list cygwin@cygwin.com
      1 [main] sh 7456 find_fast_cwd: WARNING: Couldn't compute FAST_CWD pointer.  Please report this problem to
the public mailing list cygwin@cygwin.com
      1 [main] echo 7692 find_fast_cwd: WARNING: Couldn't compute FAST_CWD pointer.  Please report this problem to
Info: Building ../count_binary4_bsp/
the public mailing list cygwin@cygwin.com
make --no-print-directory -C ../count_binary4_bsp/
      1 [main] pwd 6988 find_fast_cwd: WARNING: Couldn't compute FAST_CWD pointer.  Please report this problem to
the public mailing list cygwin@cygwin.com
      1 [main] sh 8644 find_fast_cwd: WARNING: Couldn't compute FAST_CWD pointer.  Please report this problem to
the public mailing list cygwin@cygwin.com
      0 [main] sh 6772 find_fast_cwd: WARNING: Couldn't compute FAST_CWD pointer.  Please report this problem to
the public mailing list cygwin@cygwin.com
[BSP build complete]
      0 [main] echo 5908 find_fast_cwd: WARNING: Couldn't compute FAST_CWD pointer.  Please report this problem to
Info: Compiling count_binary.c to obj/default/count_binary.o
the public mailing list cygwin@cygwin.com
      0 [main] mkdir 5224 find_fast_cwd: WARNING: Couldn't compute FAST_CWD pointer.  Please report this problem to
the public mailing list cygwin@cygwin.com
nios2-elf-gcc -xc -MP -MMD -c -I../count_binary4_bsp//HAL/inc -I../count_binary4_bsp/ -I../count_binary4_bsp//drivers/inc  -DSYSTEM_BUS_WIDTH=32 -pipe -D__hal__ -DALT_NO_C_PLUS_PLUS -DALT_NO_INSTRUCTION_EMULATION -DALT_USE_SMALL_DRIVERS -DSMALL_C_LIB -DALT_SINGLE_THREADED    -O0 -g -Wall   -mno-hw-div -mno-hw-mul -mno-hw-mulx  -o obj/default/count_binary.o count_binary.c
      0 [main] true 4432 find_fast_cwd: WARNING: Couldn't compute FAST_CWD pointer.  Please report this problem to
Info: Linking count_binary4.elf
the public mailing list cygwin@cygwin.com
nios2-elf-g++  -T'../count_binary4_bsp//linker.x' -msys-crt0='../count_binary4_bsp//obj/HAL/src/crt0.o' -msys-lib=hal_bsp -L../count_binary4_bsp/  -msmallc  -Wl,-Map=count_binary4.map   -O0 -g -Wall   -mno-hw-div -mno-hw-mul -mno-hw-mulx  -o count_binary4.elf obj/default/count_binary.o -lm 
      0 [main] echo 1636 find_fast_cwd: WARNING: Couldn't compute FAST_CWD pointer.  Please report this problem to
the public mailing list cygwin@cygwin.com
c:/altera/14.0/nios2eds/bin/gnu/h-x86_64-mingw32/bin/../lib/gcc/nios2-elf/4.7.3/../../../../../H-x86_64-mingw32/nios2-elf/bin/ld.exe: count_binary4.elf section `.text' will not fit in region `onchip_memory'
c:/altera/14.0/nios2eds/bin/gnu/h-x86_64-mingw32/bin/../lib/gcc/nios2-elf/4.7.3/../../../../../H-x86_64-mingw32/nios2-elf/bin/ld.exe: address 0x36b0 of count_binary4.elf section `.rwdata' is not within region `onchip_memory'
c:/altera/14.0/nios2eds/bin/gnu/h-x86_64-mingw32/bin/../lib/gcc/nios2-elf/4.7.3/../../../../../H-x86_64-mingw32/nios2-elf/bin/ld.exe: address 0x399c of count_binary4.elf section `.bss' is not within region `onchip_memory'
c:/altera/14.0/nios2eds/bin/gnu/h-x86_64-mingw32/bin/../lib/gcc/nios2-elf/4.7.3/../../../../../H-x86_64-mingw32/nios2-elf/bin/ld.exe: address 0x36b0 of count_binary4.elf section `.rwdata' is not within region `onchip_memory'
c:/altera/14.0/nios2eds/bin/gnu/h-x86_64-mingw32/bin/../lib/gcc/nios2-elf/4.7.3/../../../../../H-x86_64-mingw32/nios2-elf/bin/ld.exe: address 0x399c of count_binary4.elf section `.bss' is not within region `onchip_memory'
c:/altera/14.0/nios2eds/bin/gnu/h-x86_64-mingw32/bin/../lib/gcc/nios2-elf/4.7.3/../../../../../H-x86_64-mingw32/nios2-elf/bin/ld.exe: region `onchip_memory' overflowed by 6556 bytes
collect2.exe: error: ld returned 1 exit status
make: *** [count_binary4.elf] Error 1

**** Build Finished ****
