
**** Build of configuration Nios II for project LAB5_jabbamyhutt ****

make all 
      1 [main] sh 9884 find_fast_cwd: WARNING: Couldn't compute FAST_CWD pointer.  Please report this problem to
the public mailing list cygwin@cygwin.com
      1 [main] sh 5736 find_fast_cwd: WARNING: Couldn't compute FAST_CWD pointer.  Please report this problem to
the public mailing list cygwin@cygwin.com
      1 [main] echo 8132 find_fast_cwd: WARNING: Couldn't compute FAST_CWD pointer.  Please report this problem to
Info: Building ../LAB5_jabbamyhutt_bsp/
the public mailing list cygwin@cygwin.com
make --no-print-directory -C ../LAB5_jabbamyhutt_bsp/
      1 [main] pwd 9536 find_fast_cwd: WARNING: Couldn't compute FAST_CWD pointer.  Please report this problem to
the public mailing list cygwin@cygwin.com
      1 [main] sh 6488 find_fast_cwd: WARNING: Couldn't compute FAST_CWD pointer.  Please report this problem to
the public mailing list cygwin@cygwin.com
      0 [main] sh 7352 find_fast_cwd: WARNING: Couldn't compute FAST_CWD pointer.  Please report this problem to
the public mailing list cygwin@cygwin.com
[BSP build complete]
      0 [main] true 2512 find_fast_cwd: WARNING: Couldn't compute FAST_CWD pointer.  Please report this problem to
the public mailing list cygwin@cygwin.com
      0 [main] sh 6504 find_fast_cwd: WARNING: Couldn't compute FAST_CWD pointer.  Please report this problem to
the public mailing list cygwin@cygwin.com
[LAB5_jabbamyhutt build complete]

**** Build Finished ****
