
**** Build of configuration Nios II for project LIGHTS_AND_SWITCHES_FINAL ****

make all 
      0 [main] sh 8292 find_fast_cwd: WARNING: Couldn't compute FAST_CWD pointer.  Please report this problem to
the public mailing list cygwin@cygwin.com
      0 [main] sh 6324 find_fast_cwd: WARNING: Couldn't compute FAST_CWD pointer.  Please report this problem to
the public mailing list cygwin@cygwin.com
      0 [main] echo 8312 find_fast_cwd: WARNING: Couldn't compute FAST_CWD pointer.  Please report this problem to
the public mailing list cygwin@cygwin.com
Info: Building ../LIGHTS_AND_SWITCHES_FINAL_bsp/
make --no-print-directory -C ../LIGHTS_AND_SWITCHES_FINAL_bsp/
      0 [main] pwd 8364 find_fast_cwd: WARNING: Couldn't compute FAST_CWD pointer.  Please report this problem to
the public mailing list cygwin@cygwin.com
      0 [main] sh 4140 find_fast_cwd: WARNING: Couldn't compute FAST_CWD pointer.  Please report this problem to
the public mailing list cygwin@cygwin.com
      0 [main] sh 7160 find_fast_cwd: WARNING: Couldn't compute FAST_CWD pointer.  Please report this problem to
the public mailing list cygwin@cygwin.com
[BSP build complete]
      0 [main] true 7384 find_fast_cwd: WARNING: Couldn't compute FAST_CWD pointer.  Please report this problem to
the public mailing list cygwin@cygwin.com
      0 [main] sh 5236 find_fast_cwd: WARNING: Couldn't compute FAST_CWD pointer.  Please report this problem to
the public mailing list cygwin@cygwin.com
[LIGHTS_AND_SWITCHES_FINAL build complete]

**** Build Finished ****
